\BOOKMARK [1][-]{section.1}{\376\377\133\236\232\214\166\356\166\204}{}% 1
\BOOKMARK [1][-]{section.2}{\376\377\133\236\232\214\116\352\126\150\116\016\116\073\211\201\126\150\147\120}{}% 2
\BOOKMARK [1][-]{section.3}{\376\377\133\236\232\214\123\237\164\006}{}% 3
\BOOKMARK [1][-]{section.4}{\376\377\133\236\232\214\217\307\172\013}{}% 4
\BOOKMARK [2][-]{subsection.4.1}{\376\377\155\113\221\317\136\166\232\214\213\301\176\304\124\010\220\073\217\221\165\065\215\357}{section.4}% 5
\BOOKMARK [3][-]{subsubsection.4.1.1}{\376\377\133\236\232\214\121\205\133\271}{subsection.4.1}% 6
\BOOKMARK [3][-]{subsubsection.4.1.2}{\376\377\133\236\232\214\145\160\143\156}{subsection.4.1}% 7
\BOOKMARK [4][-]{paragraph.4.1.2.1}{\376\377\000S\0000\000\040\000=\000\040\000S\0001\000\040\000=\000\040\0000}{subsubsection.4.1.2}% 8
\BOOKMARK [4][-]{paragraph.4.1.2.2}{\376\377\000S\0001\000\040\000=\000\040\0000\000\040\377\014\000S\0000\000\040\000=\000\040\0001\377\014\000\040\000A\000\040\000=\000\040\0000}{subsubsection.4.1.2}% 9
\BOOKMARK [4][-]{paragraph.4.1.2.3}{\376\377\000S\0001\000\040\000=\000\040\0000\000\040\377\014\000S\0000\000\040\000=\000\040\0001\377\014\000\040\000A\000\040\000=\000\040\0001}{subsubsection.4.1.2}% 10
\BOOKMARK [4][-]{paragraph.4.1.2.4}{\376\377\000S\0001\000\040\000=\000\040\0001\000\040\377\014\000S\0000\000\040\000=\000\040\0000}{subsubsection.4.1.2}% 11
\BOOKMARK [4][-]{paragraph.4.1.2.5}{\376\377\000S\0001\000\040\000=\000\040\0001\000\040\377\014\000S\0000\000\040\000=\000\040\0001}{subsubsection.4.1.2}% 12
\BOOKMARK [3][-]{subsubsection.4.1.3}{\376\377\213\250\213\272\116\016\134\017\176\323}{subsection.4.1}% 13
\BOOKMARK [4][-]{paragraph.4.1.3.1}{\376\377\220\073\217\221\121\163\174\373\166\204\203\267\137\227}{subsubsection.4.1.3}% 14
\BOOKMARK [4][-]{paragraph.4.1.3.2}{\376\377\133\236\232\214\134\017\176\323}{subsubsection.4.1.3}% 15
\BOOKMARK [2][-]{subsection.4.2}{\376\377\213\276\213\241\136\166\133\236\163\260\0003\176\277\000-\0008\176\277\213\321\170\001\126\150}{section.4}% 16
\BOOKMARK [3][-]{subsubsection.4.2.1}{\376\377\133\236\232\214\217\307\172\013}{subsection.4.2}% 17
\BOOKMARK [3][-]{subsubsection.4.2.2}{\376\377\133\236\232\214\176\323\147\234}{subsection.4.2}% 18
\BOOKMARK [3][-]{subsubsection.4.2.3}{\376\377\134\017\176\323}{subsection.4.2}% 19
\BOOKMARK [1][-]{section.5}{\376\377\133\236\232\214\134\017\176\323}{}% 20
