
*** Running vivado
    with args -log main.vds -m64 -product Vivado -mode batch -messageDb vivado.pb -notrace -source main.tcl


****** Vivado v2019.2 (64-bit)
  **** SW Build 2708876 on Wed Nov  6 21:40:23 MST 2019
  **** IP Build 2700528 on Thu Nov  7 00:09:20 MST 2019
    ** Copyright 1986-2019 Xilinx, Inc. All Rights Reserved.

source main.tcl -notrace
Command: synth_design -top main -part xc7a35tcpg236-1
Starting synth_design
Attempting to get a license for feature 'Synthesis' and/or device 'xc7a35t'
INFO: [Common 17-349] Got license for feature 'Synthesis' and/or device 'xc7a35t'
INFO: [Device 21-403] Loading part xc7a35tcpg236-1
INFO: Launching helper process for spawning children vivado processes
INFO: Helper process launched with PID 17656 
---------------------------------------------------------------------------------
Starting RTL Elaboration : Time (s): cpu = 00:00:04 ; elapsed = 00:00:04 . Memory (MB): peak = 948.652 ; gain = 233.285
---------------------------------------------------------------------------------
INFO: [Synth 8-6157] synthesizing module 'main' [D:/Study/01 NJU Courses/18001300 Digital_System_Exp_1/Exp_3/Data_SR/Data_Receive/Data_Receive/Data_Receive.srcs/sources_1/new/main.v:23]
	Parameter nbit bound to: 8 - type: integer 
INFO: [Synth 8-6157] synthesizing module 'SR_NS_C' [D:/Study/01 NJU Courses/18001300 Digital_System_Exp_1/Exp_3/Data_SR/Data_Receive/Data_Receive/Data_Receive.srcs/sources_1/new/SR_8S_C.v:23]
	Parameter n bound to: 8 - type: integer 
INFO: [Synth 8-6155] done synthesizing module 'SR_NS_C' (1#1) [D:/Study/01 NJU Courses/18001300 Digital_System_Exp_1/Exp_3/Data_SR/Data_Receive/Data_Receive/Data_Receive.srcs/sources_1/new/SR_8S_C.v:23]
INFO: [Synth 8-6157] synthesizing module 'DLatchN' [D:/Study/01 NJU Courses/18001300 Digital_System_Exp_1/Exp_3/Data_SR/Data_Receive/Data_Receive/Data_Receive.srcs/sources_1/new/DLatch4.v:23]
	Parameter n bound to: 4 - type: integer 
INFO: [Synth 8-6155] done synthesizing module 'DLatchN' (2#1) [D:/Study/01 NJU Courses/18001300 Digital_System_Exp_1/Exp_3/Data_SR/Data_Receive/Data_Receive/Data_Receive.srcs/sources_1/new/DLatch4.v:23]
INFO: [Synth 8-6157] synthesizing module 'STATIC_SHOW' [D:/Study/01 NJU Courses/18001300 Digital_System_Exp_1/Exp_3/Data_SR/Data_Receive/Data_Receive/Data_Receive.srcs/sources_1/new/static show.v:44]
INFO: [Synth 8-6157] synthesizing module 'BCD_dec' [D:/Study/01 NJU Courses/18001300 Digital_System_Exp_1/Exp_3/Data_SR/Data_Receive/Data_Receive/Data_Receive.srcs/sources_1/new/static show.v:22]
INFO: [Synth 8-6155] done synthesizing module 'BCD_dec' (3#1) [D:/Study/01 NJU Courses/18001300 Digital_System_Exp_1/Exp_3/Data_SR/Data_Receive/Data_Receive/Data_Receive.srcs/sources_1/new/static show.v:22]
INFO: [Synth 8-6155] done synthesizing module 'STATIC_SHOW' (4#1) [D:/Study/01 NJU Courses/18001300 Digital_System_Exp_1/Exp_3/Data_SR/Data_Receive/Data_Receive/Data_Receive.srcs/sources_1/new/static show.v:44]
INFO: [Synth 8-6155] done synthesizing module 'main' (5#1) [D:/Study/01 NJU Courses/18001300 Digital_System_Exp_1/Exp_3/Data_SR/Data_Receive/Data_Receive/Data_Receive.srcs/sources_1/new/main.v:23]
---------------------------------------------------------------------------------
Finished RTL Elaboration : Time (s): cpu = 00:00:05 ; elapsed = 00:00:05 . Memory (MB): peak = 1021.324 ; gain = 305.957
---------------------------------------------------------------------------------

Report Check Netlist: 
+------+------------------+-------+---------+-------+------------------+
|      |Item              |Errors |Warnings |Status |Description       |
+------+------------------+-------+---------+-------+------------------+
|1     |multi_driven_nets |      0|        0|Passed |Multi driven nets |
+------+------------------+-------+---------+-------+------------------+
---------------------------------------------------------------------------------
Start Handling Custom Attributes
---------------------------------------------------------------------------------
---------------------------------------------------------------------------------
Finished Handling Custom Attributes : Time (s): cpu = 00:00:05 ; elapsed = 00:00:06 . Memory (MB): peak = 1021.324 ; gain = 305.957
---------------------------------------------------------------------------------
---------------------------------------------------------------------------------
Finished RTL Optimization Phase 1 : Time (s): cpu = 00:00:05 ; elapsed = 00:00:06 . Memory (MB): peak = 1021.324 ; gain = 305.957
---------------------------------------------------------------------------------
Netlist sorting complete. Time (s): cpu = 00:00:00 ; elapsed = 00:00:00.001 . Memory (MB): peak = 1021.324 ; gain = 0.000
INFO: [Project 1-570] Preparing netlist for logic optimization

Processing XDC Constraints
Initializing timing engine
Parsing XDC File [D:/Study/01 NJU Courses/18001300 Digital_System_Exp_1/DigilentBasys3.xdc]
WARNING: [Vivado 12-584] No ports matched 'LED0'. [D:/Study/01 NJU Courses/18001300 Digital_System_Exp_1/DigilentBasys3.xdc:7]
CRITICAL WARNING: [Common 17-55] 'set_property' expects at least one object. [D:/Study/01 NJU Courses/18001300 Digital_System_Exp_1/DigilentBasys3.xdc:7]
Resolution: If [get_<value>] was used to populate the object, check to make sure this command returns at least one valid object.
WARNING: [Vivado 12-584] No ports matched 'LED0'. [D:/Study/01 NJU Courses/18001300 Digital_System_Exp_1/DigilentBasys3.xdc:8]
CRITICAL WARNING: [Common 17-55] 'set_property' expects at least one object. [D:/Study/01 NJU Courses/18001300 Digital_System_Exp_1/DigilentBasys3.xdc:8]
Resolution: If [get_<value>] was used to populate the object, check to make sure this command returns at least one valid object.
WARNING: [Vivado 12-584] No ports matched 'LED1'. [D:/Study/01 NJU Courses/18001300 Digital_System_Exp_1/DigilentBasys3.xdc:9]
CRITICAL WARNING: [Common 17-55] 'set_property' expects at least one object. [D:/Study/01 NJU Courses/18001300 Digital_System_Exp_1/DigilentBasys3.xdc:9]
Resolution: If [get_<value>] was used to populate the object, check to make sure this command returns at least one valid object.
WARNING: [Vivado 12-584] No ports matched 'LED1'. [D:/Study/01 NJU Courses/18001300 Digital_System_Exp_1/DigilentBasys3.xdc:10]
CRITICAL WARNING: [Common 17-55] 'set_property' expects at least one object. [D:/Study/01 NJU Courses/18001300 Digital_System_Exp_1/DigilentBasys3.xdc:10]
Resolution: If [get_<value>] was used to populate the object, check to make sure this command returns at least one valid object.
WARNING: [Vivado 12-584] No ports matched 'LED2'. [D:/Study/01 NJU Courses/18001300 Digital_System_Exp_1/DigilentBasys3.xdc:11]
CRITICAL WARNING: [Common 17-55] 'set_property' expects at least one object. [D:/Study/01 NJU Courses/18001300 Digital_System_Exp_1/DigilentBasys3.xdc:11]
Resolution: If [get_<value>] was used to populate the object, check to make sure this command returns at least one valid object.
WARNING: [Vivado 12-584] No ports matched 'LED2'. [D:/Study/01 NJU Courses/18001300 Digital_System_Exp_1/DigilentBasys3.xdc:12]
CRITICAL WARNING: [Common 17-55] 'set_property' expects at least one object. [D:/Study/01 NJU Courses/18001300 Digital_System_Exp_1/DigilentBasys3.xdc:12]
Resolution: If [get_<value>] was used to populate the object, check to make sure this command returns at least one valid object.
WARNING: [Vivado 12-584] No ports matched 'LED3'. [D:/Study/01 NJU Courses/18001300 Digital_System_Exp_1/DigilentBasys3.xdc:13]
CRITICAL WARNING: [Common 17-55] 'set_property' expects at least one object. [D:/Study/01 NJU Courses/18001300 Digital_System_Exp_1/DigilentBasys3.xdc:13]
Resolution: If [get_<value>] was used to populate the object, check to make sure this command returns at least one valid object.
WARNING: [Vivado 12-584] No ports matched 'LED3'. [D:/Study/01 NJU Courses/18001300 Digital_System_Exp_1/DigilentBasys3.xdc:14]
CRITICAL WARNING: [Common 17-55] 'set_property' expects at least one object. [D:/Study/01 NJU Courses/18001300 Digital_System_Exp_1/DigilentBasys3.xdc:14]
Resolution: If [get_<value>] was used to populate the object, check to make sure this command returns at least one valid object.
WARNING: [Vivado 12-584] No ports matched 'LED4'. [D:/Study/01 NJU Courses/18001300 Digital_System_Exp_1/DigilentBasys3.xdc:15]
CRITICAL WARNING: [Common 17-55] 'set_property' expects at least one object. [D:/Study/01 NJU Courses/18001300 Digital_System_Exp_1/DigilentBasys3.xdc:15]
Resolution: If [get_<value>] was used to populate the object, check to make sure this command returns at least one valid object.
WARNING: [Vivado 12-584] No ports matched 'LED4'. [D:/Study/01 NJU Courses/18001300 Digital_System_Exp_1/DigilentBasys3.xdc:16]
CRITICAL WARNING: [Common 17-55] 'set_property' expects at least one object. [D:/Study/01 NJU Courses/18001300 Digital_System_Exp_1/DigilentBasys3.xdc:16]
Resolution: If [get_<value>] was used to populate the object, check to make sure this command returns at least one valid object.
WARNING: [Vivado 12-584] No ports matched 'LED5'. [D:/Study/01 NJU Courses/18001300 Digital_System_Exp_1/DigilentBasys3.xdc:17]
CRITICAL WARNING: [Common 17-55] 'set_property' expects at least one object. [D:/Study/01 NJU Courses/18001300 Digital_System_Exp_1/DigilentBasys3.xdc:17]
Resolution: If [get_<value>] was used to populate the object, check to make sure this command returns at least one valid object.
WARNING: [Vivado 12-584] No ports matched 'LED5'. [D:/Study/01 NJU Courses/18001300 Digital_System_Exp_1/DigilentBasys3.xdc:18]
CRITICAL WARNING: [Common 17-55] 'set_property' expects at least one object. [D:/Study/01 NJU Courses/18001300 Digital_System_Exp_1/DigilentBasys3.xdc:18]
Resolution: If [get_<value>] was used to populate the object, check to make sure this command returns at least one valid object.
WARNING: [Vivado 12-584] No ports matched 'LED6'. [D:/Study/01 NJU Courses/18001300 Digital_System_Exp_1/DigilentBasys3.xdc:19]
CRITICAL WARNING: [Common 17-55] 'set_property' expects at least one object. [D:/Study/01 NJU Courses/18001300 Digital_System_Exp_1/DigilentBasys3.xdc:19]
Resolution: If [get_<value>] was used to populate the object, check to make sure this command returns at least one valid object.
WARNING: [Vivado 12-584] No ports matched 'LED6'. [D:/Study/01 NJU Courses/18001300 Digital_System_Exp_1/DigilentBasys3.xdc:20]
CRITICAL WARNING: [Common 17-55] 'set_property' expects at least one object. [D:/Study/01 NJU Courses/18001300 Digital_System_Exp_1/DigilentBasys3.xdc:20]
Resolution: If [get_<value>] was used to populate the object, check to make sure this command returns at least one valid object.
WARNING: [Vivado 12-584] No ports matched 'LED7'. [D:/Study/01 NJU Courses/18001300 Digital_System_Exp_1/DigilentBasys3.xdc:21]
CRITICAL WARNING: [Common 17-55] 'set_property' expects at least one object. [D:/Study/01 NJU Courses/18001300 Digital_System_Exp_1/DigilentBasys3.xdc:21]
Resolution: If [get_<value>] was used to populate the object, check to make sure this command returns at least one valid object.
WARNING: [Vivado 12-584] No ports matched 'LED7'. [D:/Study/01 NJU Courses/18001300 Digital_System_Exp_1/DigilentBasys3.xdc:22]
CRITICAL WARNING: [Common 17-55] 'set_property' expects at least one object. [D:/Study/01 NJU Courses/18001300 Digital_System_Exp_1/DigilentBasys3.xdc:22]
Resolution: If [get_<value>] was used to populate the object, check to make sure this command returns at least one valid object.
WARNING: [Vivado 12-584] No ports matched 'LED8'. [D:/Study/01 NJU Courses/18001300 Digital_System_Exp_1/DigilentBasys3.xdc:23]
CRITICAL WARNING: [Common 17-55] 'set_property' expects at least one object. [D:/Study/01 NJU Courses/18001300 Digital_System_Exp_1/DigilentBasys3.xdc:23]
Resolution: If [get_<value>] was used to populate the object, check to make sure this command returns at least one valid object.
WARNING: [Vivado 12-584] No ports matched 'LED8'. [D:/Study/01 NJU Courses/18001300 Digital_System_Exp_1/DigilentBasys3.xdc:24]
CRITICAL WARNING: [Common 17-55] 'set_property' expects at least one object. [D:/Study/01 NJU Courses/18001300 Digital_System_Exp_1/DigilentBasys3.xdc:24]
Resolution: If [get_<value>] was used to populate the object, check to make sure this command returns at least one valid object.
WARNING: [Vivado 12-584] No ports matched 'LED9'. [D:/Study/01 NJU Courses/18001300 Digital_System_Exp_1/DigilentBasys3.xdc:25]
CRITICAL WARNING: [Common 17-55] 'set_property' expects at least one object. [D:/Study/01 NJU Courses/18001300 Digital_System_Exp_1/DigilentBasys3.xdc:25]
Resolution: If [get_<value>] was used to populate the object, check to make sure this command returns at least one valid object.
WARNING: [Vivado 12-584] No ports matched 'LED9'. [D:/Study/01 NJU Courses/18001300 Digital_System_Exp_1/DigilentBasys3.xdc:26]
CRITICAL WARNING: [Common 17-55] 'set_property' expects at least one object. [D:/Study/01 NJU Courses/18001300 Digital_System_Exp_1/DigilentBasys3.xdc:26]
Resolution: If [get_<value>] was used to populate the object, check to make sure this command returns at least one valid object.
WARNING: [Vivado 12-584] No ports matched 'LED10'. [D:/Study/01 NJU Courses/18001300 Digital_System_Exp_1/DigilentBasys3.xdc:27]
CRITICAL WARNING: [Common 17-55] 'set_property' expects at least one object. [D:/Study/01 NJU Courses/18001300 Digital_System_Exp_1/DigilentBasys3.xdc:27]
Resolution: If [get_<value>] was used to populate the object, check to make sure this command returns at least one valid object.
WARNING: [Vivado 12-584] No ports matched 'LED10'. [D:/Study/01 NJU Courses/18001300 Digital_System_Exp_1/DigilentBasys3.xdc:28]
CRITICAL WARNING: [Common 17-55] 'set_property' expects at least one object. [D:/Study/01 NJU Courses/18001300 Digital_System_Exp_1/DigilentBasys3.xdc:28]
Resolution: If [get_<value>] was used to populate the object, check to make sure this command returns at least one valid object.
WARNING: [Vivado 12-584] No ports matched 'LED11'. [D:/Study/01 NJU Courses/18001300 Digital_System_Exp_1/DigilentBasys3.xdc:29]
CRITICAL WARNING: [Common 17-55] 'set_property' expects at least one object. [D:/Study/01 NJU Courses/18001300 Digital_System_Exp_1/DigilentBasys3.xdc:29]
Resolution: If [get_<value>] was used to populate the object, check to make sure this command returns at least one valid object.
WARNING: [Vivado 12-584] No ports matched 'LED11'. [D:/Study/01 NJU Courses/18001300 Digital_System_Exp_1/DigilentBasys3.xdc:30]
CRITICAL WARNING: [Common 17-55] 'set_property' expects at least one object. [D:/Study/01 NJU Courses/18001300 Digital_System_Exp_1/DigilentBasys3.xdc:30]
Resolution: If [get_<value>] was used to populate the object, check to make sure this command returns at least one valid object.
WARNING: [Vivado 12-584] No ports matched 'LED12'. [D:/Study/01 NJU Courses/18001300 Digital_System_Exp_1/DigilentBasys3.xdc:31]
CRITICAL WARNING: [Common 17-55] 'set_property' expects at least one object. [D:/Study/01 NJU Courses/18001300 Digital_System_Exp_1/DigilentBasys3.xdc:31]
Resolution: If [get_<value>] was used to populate the object, check to make sure this command returns at least one valid object.
WARNING: [Vivado 12-584] No ports matched 'LED12'. [D:/Study/01 NJU Courses/18001300 Digital_System_Exp_1/DigilentBasys3.xdc:32]
CRITICAL WARNING: [Common 17-55] 'set_property' expects at least one object. [D:/Study/01 NJU Courses/18001300 Digital_System_Exp_1/DigilentBasys3.xdc:32]
Resolution: If [get_<value>] was used to populate the object, check to make sure this command returns at least one valid object.
WARNING: [Vivado 12-584] No ports matched 'LED13'. [D:/Study/01 NJU Courses/18001300 Digital_System_Exp_1/DigilentBasys3.xdc:33]
CRITICAL WARNING: [Common 17-55] 'set_property' expects at least one object. [D:/Study/01 NJU Courses/18001300 Digital_System_Exp_1/DigilentBasys3.xdc:33]
Resolution: If [get_<value>] was used to populate the object, check to make sure this command returns at least one valid object.
WARNING: [Vivado 12-584] No ports matched 'LED13'. [D:/Study/01 NJU Courses/18001300 Digital_System_Exp_1/DigilentBasys3.xdc:34]
CRITICAL WARNING: [Common 17-55] 'set_property' expects at least one object. [D:/Study/01 NJU Courses/18001300 Digital_System_Exp_1/DigilentBasys3.xdc:34]
Resolution: If [get_<value>] was used to populate the object, check to make sure this command returns at least one valid object.
WARNING: [Vivado 12-584] No ports matched 'LED14'. [D:/Study/01 NJU Courses/18001300 Digital_System_Exp_1/DigilentBasys3.xdc:35]
CRITICAL WARNING: [Common 17-55] 'set_property' expects at least one object. [D:/Study/01 NJU Courses/18001300 Digital_System_Exp_1/DigilentBasys3.xdc:35]
Resolution: If [get_<value>] was used to populate the object, check to make sure this command returns at least one valid object.
WARNING: [Vivado 12-584] No ports matched 'LED14'. [D:/Study/01 NJU Courses/18001300 Digital_System_Exp_1/DigilentBasys3.xdc:36]
CRITICAL WARNING: [Common 17-55] 'set_property' expects at least one object. [D:/Study/01 NJU Courses/18001300 Digital_System_Exp_1/DigilentBasys3.xdc:36]
Resolution: If [get_<value>] was used to populate the object, check to make sure this command returns at least one valid object.
WARNING: [Vivado 12-584] No ports matched 'LED15'. [D:/Study/01 NJU Courses/18001300 Digital_System_Exp_1/DigilentBasys3.xdc:37]
CRITICAL WARNING: [Common 17-55] 'set_property' expects at least one object. [D:/Study/01 NJU Courses/18001300 Digital_System_Exp_1/DigilentBasys3.xdc:37]
Resolution: If [get_<value>] was used to populate the object, check to make sure this command returns at least one valid object.
WARNING: [Vivado 12-584] No ports matched 'LED15'. [D:/Study/01 NJU Courses/18001300 Digital_System_Exp_1/DigilentBasys3.xdc:38]
CRITICAL WARNING: [Common 17-55] 'set_property' expects at least one object. [D:/Study/01 NJU Courses/18001300 Digital_System_Exp_1/DigilentBasys3.xdc:38]
Resolution: If [get_<value>] was used to populate the object, check to make sure this command returns at least one valid object.
WARNING: [Vivado 12-584] No ports matched 'BTNC'. [D:/Study/01 NJU Courses/18001300 Digital_System_Exp_1/DigilentBasys3.xdc:42]
CRITICAL WARNING: [Common 17-55] 'set_property' expects at least one object. [D:/Study/01 NJU Courses/18001300 Digital_System_Exp_1/DigilentBasys3.xdc:42]
Resolution: If [get_<value>] was used to populate the object, check to make sure this command returns at least one valid object.
WARNING: [Vivado 12-584] No ports matched 'BTNC'. [D:/Study/01 NJU Courses/18001300 Digital_System_Exp_1/DigilentBasys3.xdc:43]
CRITICAL WARNING: [Common 17-55] 'set_property' expects at least one object. [D:/Study/01 NJU Courses/18001300 Digital_System_Exp_1/DigilentBasys3.xdc:43]
Resolution: If [get_<value>] was used to populate the object, check to make sure this command returns at least one valid object.
WARNING: [Vivado 12-584] No ports matched 'BTNU'. [D:/Study/01 NJU Courses/18001300 Digital_System_Exp_1/DigilentBasys3.xdc:44]
CRITICAL WARNING: [Common 17-55] 'set_property' expects at least one object. [D:/Study/01 NJU Courses/18001300 Digital_System_Exp_1/DigilentBasys3.xdc:44]
Resolution: If [get_<value>] was used to populate the object, check to make sure this command returns at least one valid object.
WARNING: [Vivado 12-584] No ports matched 'BTNU'. [D:/Study/01 NJU Courses/18001300 Digital_System_Exp_1/DigilentBasys3.xdc:45]
CRITICAL WARNING: [Common 17-55] 'set_property' expects at least one object. [D:/Study/01 NJU Courses/18001300 Digital_System_Exp_1/DigilentBasys3.xdc:45]
Resolution: If [get_<value>] was used to populate the object, check to make sure this command returns at least one valid object.
WARNING: [Vivado 12-584] No ports matched 'BTNR'. [D:/Study/01 NJU Courses/18001300 Digital_System_Exp_1/DigilentBasys3.xdc:48]
CRITICAL WARNING: [Common 17-55] 'set_property' expects at least one object. [D:/Study/01 NJU Courses/18001300 Digital_System_Exp_1/DigilentBasys3.xdc:48]
Resolution: If [get_<value>] was used to populate the object, check to make sure this command returns at least one valid object.
WARNING: [Vivado 12-584] No ports matched 'BTNR'. [D:/Study/01 NJU Courses/18001300 Digital_System_Exp_1/DigilentBasys3.xdc:49]
CRITICAL WARNING: [Common 17-55] 'set_property' expects at least one object. [D:/Study/01 NJU Courses/18001300 Digital_System_Exp_1/DigilentBasys3.xdc:49]
Resolution: If [get_<value>] was used to populate the object, check to make sure this command returns at least one valid object.
WARNING: [Vivado 12-584] No ports matched 'BTND'. [D:/Study/01 NJU Courses/18001300 Digital_System_Exp_1/DigilentBasys3.xdc:50]
CRITICAL WARNING: [Common 17-55] 'set_property' expects at least one object. [D:/Study/01 NJU Courses/18001300 Digital_System_Exp_1/DigilentBasys3.xdc:50]
Resolution: If [get_<value>] was used to populate the object, check to make sure this command returns at least one valid object.
WARNING: [Vivado 12-584] No ports matched 'BTND'. [D:/Study/01 NJU Courses/18001300 Digital_System_Exp_1/DigilentBasys3.xdc:51]
CRITICAL WARNING: [Common 17-55] 'set_property' expects at least one object. [D:/Study/01 NJU Courses/18001300 Digital_System_Exp_1/DigilentBasys3.xdc:51]
Resolution: If [get_<value>] was used to populate the object, check to make sure this command returns at least one valid object.
WARNING: [Vivado 12-584] No ports matched 'SW0'. [D:/Study/01 NJU Courses/18001300 Digital_System_Exp_1/DigilentBasys3.xdc:54]
CRITICAL WARNING: [Common 17-55] 'set_property' expects at least one object. [D:/Study/01 NJU Courses/18001300 Digital_System_Exp_1/DigilentBasys3.xdc:54]
Resolution: If [get_<value>] was used to populate the object, check to make sure this command returns at least one valid object.
WARNING: [Vivado 12-584] No ports matched 'SW0'. [D:/Study/01 NJU Courses/18001300 Digital_System_Exp_1/DigilentBasys3.xdc:55]
CRITICAL WARNING: [Common 17-55] 'set_property' expects at least one object. [D:/Study/01 NJU Courses/18001300 Digital_System_Exp_1/DigilentBasys3.xdc:55]
Resolution: If [get_<value>] was used to populate the object, check to make sure this command returns at least one valid object.
WARNING: [Vivado 12-584] No ports matched 'SW1'. [D:/Study/01 NJU Courses/18001300 Digital_System_Exp_1/DigilentBasys3.xdc:56]
CRITICAL WARNING: [Common 17-55] 'set_property' expects at least one object. [D:/Study/01 NJU Courses/18001300 Digital_System_Exp_1/DigilentBasys3.xdc:56]
Resolution: If [get_<value>] was used to populate the object, check to make sure this command returns at least one valid object.
WARNING: [Vivado 12-584] No ports matched 'SW1'. [D:/Study/01 NJU Courses/18001300 Digital_System_Exp_1/DigilentBasys3.xdc:57]
CRITICAL WARNING: [Common 17-55] 'set_property' expects at least one object. [D:/Study/01 NJU Courses/18001300 Digital_System_Exp_1/DigilentBasys3.xdc:57]
Resolution: If [get_<value>] was used to populate the object, check to make sure this command returns at least one valid object.
WARNING: [Vivado 12-584] No ports matched 'SW2'. [D:/Study/01 NJU Courses/18001300 Digital_System_Exp_1/DigilentBasys3.xdc:58]
CRITICAL WARNING: [Common 17-55] 'set_property' expects at least one object. [D:/Study/01 NJU Courses/18001300 Digital_System_Exp_1/DigilentBasys3.xdc:58]
Resolution: If [get_<value>] was used to populate the object, check to make sure this command returns at least one valid object.
WARNING: [Vivado 12-584] No ports matched 'SW2'. [D:/Study/01 NJU Courses/18001300 Digital_System_Exp_1/DigilentBasys3.xdc:59]
CRITICAL WARNING: [Common 17-55] 'set_property' expects at least one object. [D:/Study/01 NJU Courses/18001300 Digital_System_Exp_1/DigilentBasys3.xdc:59]
Resolution: If [get_<value>] was used to populate the object, check to make sure this command returns at least one valid object.
WARNING: [Vivado 12-584] No ports matched 'SW3'. [D:/Study/01 NJU Courses/18001300 Digital_System_Exp_1/DigilentBasys3.xdc:60]
CRITICAL WARNING: [Common 17-55] 'set_property' expects at least one object. [D:/Study/01 NJU Courses/18001300 Digital_System_Exp_1/DigilentBasys3.xdc:60]
Resolution: If [get_<value>] was used to populate the object, check to make sure this command returns at least one valid object.
WARNING: [Vivado 12-584] No ports matched 'SW3'. [D:/Study/01 NJU Courses/18001300 Digital_System_Exp_1/DigilentBasys3.xdc:61]
CRITICAL WARNING: [Common 17-55] 'set_property' expects at least one object. [D:/Study/01 NJU Courses/18001300 Digital_System_Exp_1/DigilentBasys3.xdc:61]
Resolution: If [get_<value>] was used to populate the object, check to make sure this command returns at least one valid object.
WARNING: [Vivado 12-584] No ports matched 'SW4'. [D:/Study/01 NJU Courses/18001300 Digital_System_Exp_1/DigilentBasys3.xdc:62]
CRITICAL WARNING: [Common 17-55] 'set_property' expects at least one object. [D:/Study/01 NJU Courses/18001300 Digital_System_Exp_1/DigilentBasys3.xdc:62]
Resolution: If [get_<value>] was used to populate the object, check to make sure this command returns at least one valid object.
WARNING: [Vivado 12-584] No ports matched 'SW4'. [D:/Study/01 NJU Courses/18001300 Digital_System_Exp_1/DigilentBasys3.xdc:63]
CRITICAL WARNING: [Common 17-55] 'set_property' expects at least one object. [D:/Study/01 NJU Courses/18001300 Digital_System_Exp_1/DigilentBasys3.xdc:63]
Resolution: If [get_<value>] was used to populate the object, check to make sure this command returns at least one valid object.
WARNING: [Vivado 12-584] No ports matched 'SW5'. [D:/Study/01 NJU Courses/18001300 Digital_System_Exp_1/DigilentBasys3.xdc:64]
CRITICAL WARNING: [Common 17-55] 'set_property' expects at least one object. [D:/Study/01 NJU Courses/18001300 Digital_System_Exp_1/DigilentBasys3.xdc:64]
Resolution: If [get_<value>] was used to populate the object, check to make sure this command returns at least one valid object.
WARNING: [Vivado 12-584] No ports matched 'SW5'. [D:/Study/01 NJU Courses/18001300 Digital_System_Exp_1/DigilentBasys3.xdc:65]
CRITICAL WARNING: [Common 17-55] 'set_property' expects at least one object. [D:/Study/01 NJU Courses/18001300 Digital_System_Exp_1/DigilentBasys3.xdc:65]
Resolution: If [get_<value>] was used to populate the object, check to make sure this command returns at least one valid object.
WARNING: [Vivado 12-584] No ports matched 'SW6'. [D:/Study/01 NJU Courses/18001300 Digital_System_Exp_1/DigilentBasys3.xdc:66]
CRITICAL WARNING: [Common 17-55] 'set_property' expects at least one object. [D:/Study/01 NJU Courses/18001300 Digital_System_Exp_1/DigilentBasys3.xdc:66]
Resolution: If [get_<value>] was used to populate the object, check to make sure this command returns at least one valid object.
WARNING: [Vivado 12-584] No ports matched 'SW6'. [D:/Study/01 NJU Courses/18001300 Digital_System_Exp_1/DigilentBasys3.xdc:67]
CRITICAL WARNING: [Common 17-55] 'set_property' expects at least one object. [D:/Study/01 NJU Courses/18001300 Digital_System_Exp_1/DigilentBasys3.xdc:67]
Resolution: If [get_<value>] was used to populate the object, check to make sure this command returns at least one valid object.
WARNING: [Vivado 12-584] No ports matched 'SW7'. [D:/Study/01 NJU Courses/18001300 Digital_System_Exp_1/DigilentBasys3.xdc:68]
CRITICAL WARNING: [Common 17-55] 'set_property' expects at least one object. [D:/Study/01 NJU Courses/18001300 Digital_System_Exp_1/DigilentBasys3.xdc:68]
Resolution: If [get_<value>] was used to populate the object, check to make sure this command returns at least one valid object.
WARNING: [Vivado 12-584] No ports matched 'SW7'. [D:/Study/01 NJU Courses/18001300 Digital_System_Exp_1/DigilentBasys3.xdc:69]
CRITICAL WARNING: [Common 17-55] 'set_property' expects at least one object. [D:/Study/01 NJU Courses/18001300 Digital_System_Exp_1/DigilentBasys3.xdc:69]
Resolution: If [get_<value>] was used to populate the object, check to make sure this command returns at least one valid object.
WARNING: [Vivado 12-584] No ports matched 'SW8'. [D:/Study/01 NJU Courses/18001300 Digital_System_Exp_1/DigilentBasys3.xdc:70]
CRITICAL WARNING: [Common 17-55] 'set_property' expects at least one object. [D:/Study/01 NJU Courses/18001300 Digital_System_Exp_1/DigilentBasys3.xdc:70]
Resolution: If [get_<value>] was used to populate the object, check to make sure this command returns at least one valid object.
WARNING: [Vivado 12-584] No ports matched 'SW8'. [D:/Study/01 NJU Courses/18001300 Digital_System_Exp_1/DigilentBasys3.xdc:71]
CRITICAL WARNING: [Common 17-55] 'set_property' expects at least one object. [D:/Study/01 NJU Courses/18001300 Digital_System_Exp_1/DigilentBasys3.xdc:71]
Resolution: If [get_<value>] was used to populate the object, check to make sure this command returns at least one valid object.
WARNING: [Vivado 12-584] No ports matched 'SW9'. [D:/Study/01 NJU Courses/18001300 Digital_System_Exp_1/DigilentBasys3.xdc:72]
CRITICAL WARNING: [Common 17-55] 'set_property' expects at least one object. [D:/Study/01 NJU Courses/18001300 Digital_System_Exp_1/DigilentBasys3.xdc:72]
Resolution: If [get_<value>] was used to populate the object, check to make sure this command returns at least one valid object.
WARNING: [Vivado 12-584] No ports matched 'SW9'. [D:/Study/01 NJU Courses/18001300 Digital_System_Exp_1/DigilentBasys3.xdc:73]
CRITICAL WARNING: [Common 17-55] 'set_property' expects at least one object. [D:/Study/01 NJU Courses/18001300 Digital_System_Exp_1/DigilentBasys3.xdc:73]
Resolution: If [get_<value>] was used to populate the object, check to make sure this command returns at least one valid object.
WARNING: [Vivado 12-584] No ports matched 'SW10'. [D:/Study/01 NJU Courses/18001300 Digital_System_Exp_1/DigilentBasys3.xdc:74]
CRITICAL WARNING: [Common 17-55] 'set_property' expects at least one object. [D:/Study/01 NJU Courses/18001300 Digital_System_Exp_1/DigilentBasys3.xdc:74]
Resolution: If [get_<value>] was used to populate the object, check to make sure this command returns at least one valid object.
WARNING: [Vivado 12-584] No ports matched 'SW10'. [D:/Study/01 NJU Courses/18001300 Digital_System_Exp_1/DigilentBasys3.xdc:75]
CRITICAL WARNING: [Common 17-55] 'set_property' expects at least one object. [D:/Study/01 NJU Courses/18001300 Digital_System_Exp_1/DigilentBasys3.xdc:75]
Resolution: If [get_<value>] was used to populate the object, check to make sure this command returns at least one valid object.
WARNING: [Vivado 12-584] No ports matched 'SW11'. [D:/Study/01 NJU Courses/18001300 Digital_System_Exp_1/DigilentBasys3.xdc:76]
CRITICAL WARNING: [Common 17-55] 'set_property' expects at least one object. [D:/Study/01 NJU Courses/18001300 Digital_System_Exp_1/DigilentBasys3.xdc:76]
Resolution: If [get_<value>] was used to populate the object, check to make sure this command returns at least one valid object.
WARNING: [Vivado 12-584] No ports matched 'SW11'. [D:/Study/01 NJU Courses/18001300 Digital_System_Exp_1/DigilentBasys3.xdc:77]
CRITICAL WARNING: [Common 17-55] 'set_property' expects at least one object. [D:/Study/01 NJU Courses/18001300 Digital_System_Exp_1/DigilentBasys3.xdc:77]
Resolution: If [get_<value>] was used to populate the object, check to make sure this command returns at least one valid object.
WARNING: [Vivado 12-584] No ports matched 'SW12'. [D:/Study/01 NJU Courses/18001300 Digital_System_Exp_1/DigilentBasys3.xdc:78]
CRITICAL WARNING: [Common 17-55] 'set_property' expects at least one object. [D:/Study/01 NJU Courses/18001300 Digital_System_Exp_1/DigilentBasys3.xdc:78]
Resolution: If [get_<value>] was used to populate the object, check to make sure this command returns at least one valid object.
WARNING: [Vivado 12-584] No ports matched 'SW12'. [D:/Study/01 NJU Courses/18001300 Digital_System_Exp_1/DigilentBasys3.xdc:79]
CRITICAL WARNING: [Common 17-55] 'set_property' expects at least one object. [D:/Study/01 NJU Courses/18001300 Digital_System_Exp_1/DigilentBasys3.xdc:79]
Resolution: If [get_<value>] was used to populate the object, check to make sure this command returns at least one valid object.
WARNING: [Vivado 12-584] No ports matched 'SW13'. [D:/Study/01 NJU Courses/18001300 Digital_System_Exp_1/DigilentBasys3.xdc:80]
CRITICAL WARNING: [Common 17-55] 'set_property' expects at least one object. [D:/Study/01 NJU Courses/18001300 Digital_System_Exp_1/DigilentBasys3.xdc:80]
Resolution: If [get_<value>] was used to populate the object, check to make sure this command returns at least one valid object.
WARNING: [Vivado 12-584] No ports matched 'SW13'. [D:/Study/01 NJU Courses/18001300 Digital_System_Exp_1/DigilentBasys3.xdc:81]
CRITICAL WARNING: [Common 17-55] 'set_property' expects at least one object. [D:/Study/01 NJU Courses/18001300 Digital_System_Exp_1/DigilentBasys3.xdc:81]
Resolution: If [get_<value>] was used to populate the object, check to make sure this command returns at least one valid object.
WARNING: [Vivado 12-584] No ports matched 'SW14'. [D:/Study/01 NJU Courses/18001300 Digital_System_Exp_1/DigilentBasys3.xdc:82]
CRITICAL WARNING: [Common 17-55] 'set_property' expects at least one object. [D:/Study/01 NJU Courses/18001300 Digital_System_Exp_1/DigilentBasys3.xdc:82]
Resolution: If [get_<value>] was used to populate the object, check to make sure this command returns at least one valid object.
WARNING: [Vivado 12-584] No ports matched 'SW14'. [D:/Study/01 NJU Courses/18001300 Digital_System_Exp_1/DigilentBasys3.xdc:83]
CRITICAL WARNING: [Common 17-55] 'set_property' expects at least one object. [D:/Study/01 NJU Courses/18001300 Digital_System_Exp_1/DigilentBasys3.xdc:83]
Resolution: If [get_<value>] was used to populate the object, check to make sure this command returns at least one valid object.
WARNING: [Vivado 12-584] No ports matched 'SW15'. [D:/Study/01 NJU Courses/18001300 Digital_System_Exp_1/DigilentBasys3.xdc:84]
CRITICAL WARNING: [Common 17-55] 'set_property' expects at least one object. [D:/Study/01 NJU Courses/18001300 Digital_System_Exp_1/DigilentBasys3.xdc:84]
Resolution: If [get_<value>] was used to populate the object, check to make sure this command returns at least one valid object.
WARNING: [Vivado 12-584] No ports matched 'SW15'. [D:/Study/01 NJU Courses/18001300 Digital_System_Exp_1/DigilentBasys3.xdc:85]
CRITICAL WARNING: [Common 17-55] 'set_property' expects at least one object. [D:/Study/01 NJU Courses/18001300 Digital_System_Exp_1/DigilentBasys3.xdc:85]
Resolution: If [get_<value>] was used to populate the object, check to make sure this command returns at least one valid object.
WARNING: [Vivado 12-584] No ports matched 'DP'. [D:/Study/01 NJU Courses/18001300 Digital_System_Exp_1/DigilentBasys3.xdc:103]
CRITICAL WARNING: [Common 17-55] 'set_property' expects at least one object. [D:/Study/01 NJU Courses/18001300 Digital_System_Exp_1/DigilentBasys3.xdc:103]
Resolution: If [get_<value>] was used to populate the object, check to make sure this command returns at least one valid object.
WARNING: [Vivado 12-584] No ports matched 'DP'. [D:/Study/01 NJU Courses/18001300 Digital_System_Exp_1/DigilentBasys3.xdc:104]
CRITICAL WARNING: [Common 17-55] 'set_property' expects at least one object. [D:/Study/01 NJU Courses/18001300 Digital_System_Exp_1/DigilentBasys3.xdc:104]
Resolution: If [get_<value>] was used to populate the object, check to make sure this command returns at least one valid object.
WARNING: [Vivado 12-584] No ports matched 'JA2'. [D:/Study/01 NJU Courses/18001300 Digital_System_Exp_1/DigilentBasys3.xdc:123]
CRITICAL WARNING: [Common 17-55] 'set_property' expects at least one object. [D:/Study/01 NJU Courses/18001300 Digital_System_Exp_1/DigilentBasys3.xdc:123]
Resolution: If [get_<value>] was used to populate the object, check to make sure this command returns at least one valid object.
WARNING: [Vivado 12-584] No ports matched 'JA2'. [D:/Study/01 NJU Courses/18001300 Digital_System_Exp_1/DigilentBasys3.xdc:124]
CRITICAL WARNING: [Common 17-55] 'set_property' expects at least one object. [D:/Study/01 NJU Courses/18001300 Digital_System_Exp_1/DigilentBasys3.xdc:124]
Resolution: If [get_<value>] was used to populate the object, check to make sure this command returns at least one valid object.
WARNING: [Vivado 12-584] No ports matched 'JA3'. [D:/Study/01 NJU Courses/18001300 Digital_System_Exp_1/DigilentBasys3.xdc:126]
CRITICAL WARNING: [Common 17-55] 'set_property' expects at least one object. [D:/Study/01 NJU Courses/18001300 Digital_System_Exp_1/DigilentBasys3.xdc:126]
Resolution: If [get_<value>] was used to populate the object, check to make sure this command returns at least one valid object.
WARNING: [Vivado 12-584] No ports matched 'JA3'. [D:/Study/01 NJU Courses/18001300 Digital_System_Exp_1/DigilentBasys3.xdc:127]
CRITICAL WARNING: [Common 17-55] 'set_property' expects at least one object. [D:/Study/01 NJU Courses/18001300 Digital_System_Exp_1/DigilentBasys3.xdc:127]
Resolution: If [get_<value>] was used to populate the object, check to make sure this command returns at least one valid object.
WARNING: [Vivado 12-584] No ports matched 'JA4'. [D:/Study/01 NJU Courses/18001300 Digital_System_Exp_1/DigilentBasys3.xdc:129]
CRITICAL WARNING: [Common 17-55] 'set_property' expects at least one object. [D:/Study/01 NJU Courses/18001300 Digital_System_Exp_1/DigilentBasys3.xdc:129]
Resolution: If [get_<value>] was used to populate the object, check to make sure this command returns at least one valid object.
WARNING: [Vivado 12-584] No ports matched 'JA4'. [D:/Study/01 NJU Courses/18001300 Digital_System_Exp_1/DigilentBasys3.xdc:130]
CRITICAL WARNING: [Common 17-55] 'set_property' expects at least one object. [D:/Study/01 NJU Courses/18001300 Digital_System_Exp_1/DigilentBasys3.xdc:130]
Resolution: If [get_<value>] was used to populate the object, check to make sure this command returns at least one valid object.
WARNING: [Vivado 12-584] No ports matched 'JA5'. [D:/Study/01 NJU Courses/18001300 Digital_System_Exp_1/DigilentBasys3.xdc:132]
CRITICAL WARNING: [Common 17-55] 'set_property' expects at least one object. [D:/Study/01 NJU Courses/18001300 Digital_System_Exp_1/DigilentBasys3.xdc:132]
Resolution: If [get_<value>] was used to populate the object, check to make sure this command returns at least one valid object.
WARNING: [Vivado 12-584] No ports matched 'JA5'. [D:/Study/01 NJU Courses/18001300 Digital_System_Exp_1/DigilentBasys3.xdc:133]
CRITICAL WARNING: [Common 17-55] 'set_property' expects at least one object. [D:/Study/01 NJU Courses/18001300 Digital_System_Exp_1/DigilentBasys3.xdc:133]
Resolution: If [get_<value>] was used to populate the object, check to make sure this command returns at least one valid object.
WARNING: [Vivado 12-584] No ports matched 'JA6'. [D:/Study/01 NJU Courses/18001300 Digital_System_Exp_1/DigilentBasys3.xdc:135]
CRITICAL WARNING: [Common 17-55] 'set_property' expects at least one object. [D:/Study/01 NJU Courses/18001300 Digital_System_Exp_1/DigilentBasys3.xdc:135]
Resolution: If [get_<value>] was used to populate the object, check to make sure this command returns at least one valid object.
WARNING: [Vivado 12-584] No ports matched 'JA6'. [D:/Study/01 NJU Courses/18001300 Digital_System_Exp_1/DigilentBasys3.xdc:136]
CRITICAL WARNING: [Common 17-55] 'set_property' expects at least one object. [D:/Study/01 NJU Courses/18001300 Digital_System_Exp_1/DigilentBasys3.xdc:136]
Resolution: If [get_<value>] was used to populate the object, check to make sure this command returns at least one valid object.
WARNING: [Vivado 12-584] No ports matched 'JA7'. [D:/Study/01 NJU Courses/18001300 Digital_System_Exp_1/DigilentBasys3.xdc:138]
CRITICAL WARNING: [Common 17-55] 'set_property' expects at least one object. [D:/Study/01 NJU Courses/18001300 Digital_System_Exp_1/DigilentBasys3.xdc:138]
Resolution: If [get_<value>] was used to populate the object, check to make sure this command returns at least one valid object.
WARNING: [Vivado 12-584] No ports matched 'JA7'. [D:/Study/01 NJU Courses/18001300 Digital_System_Exp_1/DigilentBasys3.xdc:139]
CRITICAL WARNING: [Common 17-55] 'set_property' expects at least one object. [D:/Study/01 NJU Courses/18001300 Digital_System_Exp_1/DigilentBasys3.xdc:139]
Resolution: If [get_<value>] was used to populate the object, check to make sure this command returns at least one valid object.
WARNING: [Vivado 12-584] No ports matched 'JB4'. [D:/Study/01 NJU Courses/18001300 Digital_System_Exp_1/DigilentBasys3.xdc:156]
CRITICAL WARNING: [Common 17-55] 'set_property' expects at least one object. [D:/Study/01 NJU Courses/18001300 Digital_System_Exp_1/DigilentBasys3.xdc:156]
Resolution: If [get_<value>] was used to populate the object, check to make sure this command returns at least one valid object.
WARNING: [Vivado 12-584] No ports matched 'JB4'. [D:/Study/01 NJU Courses/18001300 Digital_System_Exp_1/DigilentBasys3.xdc:157]
CRITICAL WARNING: [Common 17-55] 'set_property' expects at least one object. [D:/Study/01 NJU Courses/18001300 Digital_System_Exp_1/DigilentBasys3.xdc:157]
Resolution: If [get_<value>] was used to populate the object, check to make sure this command returns at least one valid object.
WARNING: [Vivado 12-584] No ports matched 'JB5'. [D:/Study/01 NJU Courses/18001300 Digital_System_Exp_1/DigilentBasys3.xdc:159]
CRITICAL WARNING: [Common 17-55] 'set_property' expects at least one object. [D:/Study/01 NJU Courses/18001300 Digital_System_Exp_1/DigilentBasys3.xdc:159]
Resolution: If [get_<value>] was used to populate the object, check to make sure this command returns at least one valid object.
WARNING: [Vivado 12-584] No ports matched 'JB5'. [D:/Study/01 NJU Courses/18001300 Digital_System_Exp_1/DigilentBasys3.xdc:160]
CRITICAL WARNING: [Common 17-55] 'set_property' expects at least one object. [D:/Study/01 NJU Courses/18001300 Digital_System_Exp_1/DigilentBasys3.xdc:160]
Resolution: If [get_<value>] was used to populate the object, check to make sure this command returns at least one valid object.
WARNING: [Vivado 12-584] No ports matched 'JB6'. [D:/Study/01 NJU Courses/18001300 Digital_System_Exp_1/DigilentBasys3.xdc:162]
CRITICAL WARNING: [Common 17-55] 'set_property' expects at least one object. [D:/Study/01 NJU Courses/18001300 Digital_System_Exp_1/DigilentBasys3.xdc:162]
Resolution: If [get_<value>] was used to populate the object, check to make sure this command returns at least one valid object.
WARNING: [Vivado 12-584] No ports matched 'JB6'. [D:/Study/01 NJU Courses/18001300 Digital_System_Exp_1/DigilentBasys3.xdc:163]
CRITICAL WARNING: [Common 17-55] 'set_property' expects at least one object. [D:/Study/01 NJU Courses/18001300 Digital_System_Exp_1/DigilentBasys3.xdc:163]
Resolution: If [get_<value>] was used to populate the object, check to make sure this command returns at least one valid object.
WARNING: [Vivado 12-584] No ports matched 'JB7'. [D:/Study/01 NJU Courses/18001300 Digital_System_Exp_1/DigilentBasys3.xdc:165]
CRITICAL WARNING: [Common 17-55] 'set_property' expects at least one object. [D:/Study/01 NJU Courses/18001300 Digital_System_Exp_1/DigilentBasys3.xdc:165]
Resolution: If [get_<value>] was used to populate the object, check to make sure this command returns at least one valid object.
WARNING: [Vivado 12-584] No ports matched 'JB7'. [D:/Study/01 NJU Courses/18001300 Digital_System_Exp_1/DigilentBasys3.xdc:166]
CRITICAL WARNING: [Common 17-55] 'set_property' expects at least one object. [D:/Study/01 NJU Courses/18001300 Digital_System_Exp_1/DigilentBasys3.xdc:166]
Resolution: If [get_<value>] was used to populate the object, check to make sure this command returns at least one valid object.
WARNING: [Vivado 12-584] No ports matched 'JC0'. [D:/Study/01 NJU Courses/18001300 Digital_System_Exp_1/DigilentBasys3.xdc:171]
CRITICAL WARNING: [Common 17-55] 'set_property' expects at least one object. [D:/Study/01 NJU Courses/18001300 Digital_System_Exp_1/DigilentBasys3.xdc:171]
Resolution: If [get_<value>] was used to populate the object, check to make sure this command returns at least one valid object.
WARNING: [Vivado 12-584] No ports matched 'JC0'. [D:/Study/01 NJU Courses/18001300 Digital_System_Exp_1/DigilentBasys3.xdc:172]
CRITICAL WARNING: [Common 17-55] 'set_property' expects at least one object. [D:/Study/01 NJU Courses/18001300 Digital_System_Exp_1/DigilentBasys3.xdc:172]
Resolution: If [get_<value>] was used to populate the object, check to make sure this command returns at least one valid object.
WARNING: [Vivado 12-584] No ports matched 'JC1'. [D:/Study/01 NJU Courses/18001300 Digital_System_Exp_1/DigilentBasys3.xdc:174]
CRITICAL WARNING: [Common 17-55] 'set_property' expects at least one object. [D:/Study/01 NJU Courses/18001300 Digital_System_Exp_1/DigilentBasys3.xdc:174]
Resolution: If [get_<value>] was used to populate the object, check to make sure this command returns at least one valid object.
WARNING: [Vivado 12-584] No ports matched 'JC1'. [D:/Study/01 NJU Courses/18001300 Digital_System_Exp_1/DigilentBasys3.xdc:175]
CRITICAL WARNING: [Common 17-55] 'set_property' expects at least one object. [D:/Study/01 NJU Courses/18001300 Digital_System_Exp_1/DigilentBasys3.xdc:175]
Resolution: If [get_<value>] was used to populate the object, check to make sure this command returns at least one valid object.
WARNING: [Vivado 12-584] No ports matched 'JC2'. [D:/Study/01 NJU Courses/18001300 Digital_System_Exp_1/DigilentBasys3.xdc:177]
CRITICAL WARNING: [Common 17-55] 'set_property' expects at least one object. [D:/Study/01 NJU Courses/18001300 Digital_System_Exp_1/DigilentBasys3.xdc:177]
Resolution: If [get_<value>] was used to populate the object, check to make sure this command returns at least one valid object.
WARNING: [Vivado 12-584] No ports matched 'JC2'. [D:/Study/01 NJU Courses/18001300 Digital_System_Exp_1/DigilentBasys3.xdc:178]
INFO: [Common 17-14] Message 'Vivado 12-584' appears 100 times and further instances of the messages will be disabled. Use the Tcl command set_msg_config to change the current settings. [D:/Study/01 NJU Courses/18001300 Digital_System_Exp_1/DigilentBasys3.xdc:178]
CRITICAL WARNING: [Common 17-55] 'set_property' expects at least one object. [D:/Study/01 NJU Courses/18001300 Digital_System_Exp_1/DigilentBasys3.xdc:178]
Resolution: If [get_<value>] was used to populate the object, check to make sure this command returns at least one valid object.
Finished Parsing XDC File [D:/Study/01 NJU Courses/18001300 Digital_System_Exp_1/DigilentBasys3.xdc]
INFO: [Project 1-236] Implementation specific constraints were found while reading constraint file [D:/Study/01 NJU Courses/18001300 Digital_System_Exp_1/DigilentBasys3.xdc]. These constraints will be ignored for synthesis but will be used in implementation. Impacted constraints are listed in the file [.Xil/main_propImpl.xdc].
Resolution: To avoid this warning, move constraints listed in [.Xil/main_propImpl.xdc] to another XDC file and exclude this new file from synthesis with the used_in_synthesis property (File Properties dialog in GUI) and re-run elaboration/synthesis.
Completed Processing XDC Constraints

Netlist sorting complete. Time (s): cpu = 00:00:00 ; elapsed = 00:00:00 . Memory (MB): peak = 1095.508 ; gain = 0.000
INFO: [Project 1-111] Unisim Transformation Summary:
No Unisim elements were transformed.

Constraint Validation Runtime : Time (s): cpu = 00:00:00 ; elapsed = 00:00:00.006 . Memory (MB): peak = 1095.508 ; gain = 0.000
---------------------------------------------------------------------------------
Finished Constraint Validation : Time (s): cpu = 00:00:11 ; elapsed = 00:00:11 . Memory (MB): peak = 1095.508 ; gain = 380.141
---------------------------------------------------------------------------------
---------------------------------------------------------------------------------
Start Loading Part and Timing Information
---------------------------------------------------------------------------------
Loading part: xc7a35tcpg236-1
---------------------------------------------------------------------------------
Finished Loading Part and Timing Information : Time (s): cpu = 00:00:11 ; elapsed = 00:00:11 . Memory (MB): peak = 1095.508 ; gain = 380.141
---------------------------------------------------------------------------------
---------------------------------------------------------------------------------
Start Applying 'set_property' XDC Constraints
---------------------------------------------------------------------------------
---------------------------------------------------------------------------------
Finished applying 'set_property' XDC Constraints : Time (s): cpu = 00:00:11 ; elapsed = 00:00:11 . Memory (MB): peak = 1095.508 ; gain = 380.141
---------------------------------------------------------------------------------
WARNING: [Synth 8-327] inferring latch for variable 'Q_reg' [D:/Study/01 NJU Courses/18001300 Digital_System_Exp_1/Exp_3/Data_SR/Data_Receive/Data_Receive/Data_Receive.srcs/sources_1/new/DLatch4.v:31]
---------------------------------------------------------------------------------
Finished RTL Optimization Phase 2 : Time (s): cpu = 00:00:11 ; elapsed = 00:00:12 . Memory (MB): peak = 1095.508 ; gain = 380.141
---------------------------------------------------------------------------------

Report RTL Partitions: 
+-+--------------+------------+----------+
| |RTL Partition |Replication |Instances |
+-+--------------+------------+----------+
+-+--------------+------------+----------+
---------------------------------------------------------------------------------
Start RTL Component Statistics 
---------------------------------------------------------------------------------
Detailed RTL Component Info : 
+---Registers : 
	                8 Bit    Registers := 1     
---------------------------------------------------------------------------------
Finished RTL Component Statistics 
---------------------------------------------------------------------------------
---------------------------------------------------------------------------------
Start RTL Hierarchical Component Statistics 
---------------------------------------------------------------------------------
Hierarchical RTL Component report 
Module SR_NS_C 
Detailed RTL Component Info : 
+---Registers : 
	                8 Bit    Registers := 1     
---------------------------------------------------------------------------------
Finished RTL Hierarchical Component Statistics
---------------------------------------------------------------------------------
---------------------------------------------------------------------------------
Start Part Resource Summary
---------------------------------------------------------------------------------
Part Resources:
DSPs: 90 (col length:60)
BRAMs: 100 (col length: RAMB18 60 RAMB36 30)
---------------------------------------------------------------------------------
Finished Part Resource Summary
---------------------------------------------------------------------------------
---------------------------------------------------------------------------------
Start Cross Boundary and Area Optimization
---------------------------------------------------------------------------------
Warning: Parallel synthesis criteria is not met 
WARNING: [Synth 8-3917] design main has port AN0 driven by constant 0
WARNING: [Synth 8-3917] design main has port AN1 driven by constant 0
WARNING: [Synth 8-3917] design main has port AN2 driven by constant 0
WARNING: [Synth 8-3917] design main has port AN3 driven by constant 0
---------------------------------------------------------------------------------
Finished Cross Boundary and Area Optimization : Time (s): cpu = 00:00:12 ; elapsed = 00:00:13 . Memory (MB): peak = 1095.508 ; gain = 380.141
---------------------------------------------------------------------------------

Report RTL Partitions: 
+-+--------------+------------+----------+
| |RTL Partition |Replication |Instances |
+-+--------------+------------+----------+
+-+--------------+------------+----------+
---------------------------------------------------------------------------------
Start Applying XDC Timing Constraints
---------------------------------------------------------------------------------
---------------------------------------------------------------------------------
Finished Applying XDC Timing Constraints : Time (s): cpu = 00:00:19 ; elapsed = 00:00:20 . Memory (MB): peak = 1097.766 ; gain = 382.398
---------------------------------------------------------------------------------
---------------------------------------------------------------------------------
Start Timing Optimization
---------------------------------------------------------------------------------
---------------------------------------------------------------------------------
Finished Timing Optimization : Time (s): cpu = 00:00:19 ; elapsed = 00:00:20 . Memory (MB): peak = 1097.766 ; gain = 382.398
---------------------------------------------------------------------------------

Report RTL Partitions: 
+-+--------------+------------+----------+
| |RTL Partition |Replication |Instances |
+-+--------------+------------+----------+
+-+--------------+------------+----------+
---------------------------------------------------------------------------------
Start Technology Mapping
---------------------------------------------------------------------------------
---------------------------------------------------------------------------------
Finished Technology Mapping : Time (s): cpu = 00:00:19 ; elapsed = 00:00:20 . Memory (MB): peak = 1107.852 ; gain = 392.484
---------------------------------------------------------------------------------

Report RTL Partitions: 
+-+--------------+------------+----------+
| |RTL Partition |Replication |Instances |
+-+--------------+------------+----------+
+-+--------------+------------+----------+
---------------------------------------------------------------------------------
Start IO Insertion
---------------------------------------------------------------------------------
---------------------------------------------------------------------------------
Start Flattening Before IO Insertion
---------------------------------------------------------------------------------
---------------------------------------------------------------------------------
Finished Flattening Before IO Insertion
---------------------------------------------------------------------------------
---------------------------------------------------------------------------------
Start Final Netlist Cleanup
---------------------------------------------------------------------------------
---------------------------------------------------------------------------------
Finished Final Netlist Cleanup
---------------------------------------------------------------------------------
---------------------------------------------------------------------------------
Finished IO Insertion : Time (s): cpu = 00:00:22 ; elapsed = 00:00:23 . Memory (MB): peak = 1123.664 ; gain = 408.297
---------------------------------------------------------------------------------
---------------------------------------------------------------------------------
Start Renaming Generated Instances
---------------------------------------------------------------------------------
---------------------------------------------------------------------------------
Finished Renaming Generated Instances : Time (s): cpu = 00:00:22 ; elapsed = 00:00:23 . Memory (MB): peak = 1123.664 ; gain = 408.297
---------------------------------------------------------------------------------

Report RTL Partitions: 
+-+--------------+------------+----------+
| |RTL Partition |Replication |Instances |
+-+--------------+------------+----------+
+-+--------------+------------+----------+

Report Check Netlist: 
+------+------------------+-------+---------+-------+------------------+
|      |Item              |Errors |Warnings |Status |Description       |
+------+------------------+-------+---------+-------+------------------+
|1     |multi_driven_nets |      0|        0|Passed |Multi driven nets |
+------+------------------+-------+---------+-------+------------------+
---------------------------------------------------------------------------------
Start Rebuilding User Hierarchy
---------------------------------------------------------------------------------
---------------------------------------------------------------------------------
Finished Rebuilding User Hierarchy : Time (s): cpu = 00:00:22 ; elapsed = 00:00:23 . Memory (MB): peak = 1123.664 ; gain = 408.297
---------------------------------------------------------------------------------
---------------------------------------------------------------------------------
Start Renaming Generated Ports
---------------------------------------------------------------------------------
---------------------------------------------------------------------------------
Finished Renaming Generated Ports : Time (s): cpu = 00:00:22 ; elapsed = 00:00:23 . Memory (MB): peak = 1123.664 ; gain = 408.297
---------------------------------------------------------------------------------
---------------------------------------------------------------------------------
Start Handling Custom Attributes
---------------------------------------------------------------------------------
---------------------------------------------------------------------------------
Finished Handling Custom Attributes : Time (s): cpu = 00:00:22 ; elapsed = 00:00:23 . Memory (MB): peak = 1123.664 ; gain = 408.297
---------------------------------------------------------------------------------
---------------------------------------------------------------------------------
Start Renaming Generated Nets
---------------------------------------------------------------------------------
---------------------------------------------------------------------------------
Finished Renaming Generated Nets : Time (s): cpu = 00:00:22 ; elapsed = 00:00:23 . Memory (MB): peak = 1123.664 ; gain = 408.297
---------------------------------------------------------------------------------
---------------------------------------------------------------------------------
Start Writing Synthesis Report
---------------------------------------------------------------------------------

Report BlackBoxes: 
+-+--------------+----------+
| |BlackBox name |Instances |
+-+--------------+----------+
+-+--------------+----------+

Report Cell Usage: 
+------+-----+------+
|      |Cell |Count |
+------+-----+------+
|1     |LUT3 |     1|
|2     |LUT4 |     7|
|3     |FDRE |     5|
|4     |LD   |     4|
|5     |IBUF |     4|
|6     |OBUF |    15|
+------+-----+------+

Report Instance Areas: 
+------+-------------+------------+------+
|      |Instance     |Module      |Cells |
+------+-------------+------------+------+
|1     |top          |            |    36|
|2     |  DL1        |DLatchN     |     4|
|3     |  R1         |SR_NS_C     |     7|
|4     |  staticShow |STATIC_SHOW |     6|
+------+-------------+------------+------+
---------------------------------------------------------------------------------
Finished Writing Synthesis Report : Time (s): cpu = 00:00:22 ; elapsed = 00:00:23 . Memory (MB): peak = 1123.664 ; gain = 408.297
---------------------------------------------------------------------------------
Synthesis finished with 0 errors, 0 critical warnings and 5 warnings.
Synthesis Optimization Runtime : Time (s): cpu = 00:00:15 ; elapsed = 00:00:22 . Memory (MB): peak = 1123.664 ; gain = 334.113
Synthesis Optimization Complete : Time (s): cpu = 00:00:22 ; elapsed = 00:00:23 . Memory (MB): peak = 1123.664 ; gain = 408.297
INFO: [Project 1-571] Translating synthesized netlist
Netlist sorting complete. Time (s): cpu = 00:00:00 ; elapsed = 00:00:00 . Memory (MB): peak = 1132.625 ; gain = 0.000
INFO: [Netlist 29-17] Analyzing 4 Unisim elements for replacement
INFO: [Netlist 29-28] Unisim Transformation completed in 0 CPU seconds
INFO: [Project 1-570] Preparing netlist for logic optimization
INFO: [Opt 31-138] Pushed 0 inverter(s) to 0 load pin(s).
Netlist sorting complete. Time (s): cpu = 00:00:00 ; elapsed = 00:00:00 . Memory (MB): peak = 1139.828 ; gain = 0.000
INFO: [Project 1-111] Unisim Transformation Summary:
  A total of 4 instances were transformed.
  LD => LDCE: 4 instances

INFO: [Common 17-83] Releasing license: Synthesis
23 Infos, 105 Warnings, 100 Critical Warnings and 0 Errors encountered.
synth_design completed successfully
synth_design: Time (s): cpu = 00:00:27 ; elapsed = 00:00:29 . Memory (MB): peak = 1139.828 ; gain = 715.414
Netlist sorting complete. Time (s): cpu = 00:00:00 ; elapsed = 00:00:00 . Memory (MB): peak = 1139.828 ; gain = 0.000
WARNING: [Constraints 18-5210] No constraints selected for write.
Resolution: This message can indicate that there are no constraints for the design, or it can indicate that the used_in flags are set such that the constraints are ignored. This later case is used when running synth_design to not write synthesis constraints to the resulting checkpoint. Instead, project constraints are read when the synthesized design is opened.
INFO: [Common 17-1381] The checkpoint 'D:/Study/01 NJU Courses/18001300 Digital_System_Exp_1/Exp_3/Data_SR/Data_Receive/Data_Receive/Data_Receive.runs/synth_1/main.dcp' has been generated.
INFO: [runtcl-4] Executing : report_utilization -file main_utilization_synth.rpt -pb main_utilization_synth.pb
INFO: [Common 17-206] Exiting Vivado at Thu Nov 25 13:01:04 2021...
