
*** Running vivado
    with args -log main.vds -m64 -product Vivado -mode batch -messageDb vivado.pb -notrace -source main.tcl


****** Vivado v2019.2 (64-bit)
  **** SW Build 2708876 on Wed Nov  6 21:40:23 MST 2019
  **** IP Build 2700528 on Thu Nov  7 00:09:20 MST 2019
    ** Copyright 1986-2019 Xilinx, Inc. All Rights Reserved.

source main.tcl -notrace
Command: synth_design -top main -part xc7a35tcpg236-1
Starting synth_design
Attempting to get a license for feature 'Synthesis' and/or device 'xc7a35t'
INFO: [Common 17-349] Got license for feature 'Synthesis' and/or device 'xc7a35t'
INFO: [Device 21-403] Loading part xc7a35tcpg236-1
INFO: Launching helper process for spawning children vivado processes
INFO: Helper process launched with PID 13728 
---------------------------------------------------------------------------------
Starting RTL Elaboration : Time (s): cpu = 00:00:04 ; elapsed = 00:00:04 . Memory (MB): peak = 948.648 ; gain = 234.555
---------------------------------------------------------------------------------
INFO: [Synth 8-6157] synthesizing module 'main' [D:/Study/01 NJU Courses/18001300 Digital_System_Exp_1/Exp_3/Data_SR/Data_Send/Sender/Sender.srcs/sources_1/new/main.v:23]
INFO: [Synth 8-6157] synthesizing module 'counter10' [D:/Study/01 NJU Courses/18001300 Digital_System_Exp_1/Exp_3/Data_SR/Data_Send/Sender/Sender.srcs/sources_1/new/counter10.v:23]
INFO: [Synth 8-6155] done synthesizing module 'counter10' (1#1) [D:/Study/01 NJU Courses/18001300 Digital_System_Exp_1/Exp_3/Data_SR/Data_Send/Sender/Sender.srcs/sources_1/new/counter10.v:23]
INFO: [Synth 8-6157] synthesizing module 'FF_D4' [D:/Study/01 NJU Courses/18001300 Digital_System_Exp_1/Exp_3/Data_SR/Data_Send/Sender/Sender.srcs/sources_1/new/flip_flops.v:23]
INFO: [Synth 8-6155] done synthesizing module 'FF_D4' (2#1) [D:/Study/01 NJU Courses/18001300 Digital_System_Exp_1/Exp_3/Data_SR/Data_Send/Sender/Sender.srcs/sources_1/new/flip_flops.v:23]
INFO: [Synth 8-6157] synthesizing module 'STATIC_SHOW' [D:/Study/01 NJU Courses/18001300 Digital_System_Exp_1/Exp_3/Data_SR/Data_Send/Sender/Sender.srcs/sources_1/new/Comb_circuit.v:45]
INFO: [Synth 8-6157] synthesizing module 'BCD_dec' [D:/Study/01 NJU Courses/18001300 Digital_System_Exp_1/Exp_3/Data_SR/Data_Send/Sender/Sender.srcs/sources_1/new/Comb_circuit.v:23]
INFO: [Synth 8-6155] done synthesizing module 'BCD_dec' (3#1) [D:/Study/01 NJU Courses/18001300 Digital_System_Exp_1/Exp_3/Data_SR/Data_Send/Sender/Sender.srcs/sources_1/new/Comb_circuit.v:23]
INFO: [Synth 8-6155] done synthesizing module 'STATIC_SHOW' (4#1) [D:/Study/01 NJU Courses/18001300 Digital_System_Exp_1/Exp_3/Data_SR/Data_Send/Sender/Sender.srcs/sources_1/new/Comb_circuit.v:45]
INFO: [Synth 8-6157] synthesizing module 'freq_div' [D:/Study/01 NJU Courses/18001300 Digital_System_Exp_1/Exp_3/Data_SR/Data_Send/Sender/Sender.srcs/sources_1/new/freq_div.v:23]
INFO: [Synth 8-6157] synthesizing module 'ten' [D:/Study/01 NJU Courses/18001300 Digital_System_Exp_1/Exp_3/Data_SR/Data_Send/Sender/Sender.srcs/sources_1/new/ten.v:23]
INFO: [Synth 8-6155] done synthesizing module 'ten' (5#1) [D:/Study/01 NJU Courses/18001300 Digital_System_Exp_1/Exp_3/Data_SR/Data_Send/Sender/Sender.srcs/sources_1/new/ten.v:23]
INFO: [Synth 8-6155] done synthesizing module 'freq_div' (6#1) [D:/Study/01 NJU Courses/18001300 Digital_System_Exp_1/Exp_3/Data_SR/Data_Send/Sender/Sender.srcs/sources_1/new/freq_div.v:23]
INFO: [Synth 8-6157] synthesizing module 'mux2to1' [D:/Study/01 NJU Courses/18001300 Digital_System_Exp_1/Exp_3/Data_SR/Data_Send/Sender/Sender.srcs/sources_1/new/mux2to1.v:23]
INFO: [Synth 8-6155] done synthesizing module 'mux2to1' (7#1) [D:/Study/01 NJU Courses/18001300 Digital_System_Exp_1/Exp_3/Data_SR/Data_Send/Sender/Sender.srcs/sources_1/new/mux2to1.v:23]
INFO: [Synth 8-6157] synthesizing module 'SR_8P' [D:/Study/01 NJU Courses/18001300 Digital_System_Exp_1/Exp_3/Data_SR/Data_Send/Sender/Sender.srcs/sources_1/new/Shift Registers.v:23]
INFO: [Synth 8-6155] done synthesizing module 'SR_8P' (8#1) [D:/Study/01 NJU Courses/18001300 Digital_System_Exp_1/Exp_3/Data_SR/Data_Send/Sender/Sender.srcs/sources_1/new/Shift Registers.v:23]
WARNING: [Synth 8-6104] Input port 'BTND' has an internal driver [D:/Study/01 NJU Courses/18001300 Digital_System_Exp_1/Exp_3/Data_SR/Data_Send/Sender/Sender.srcs/sources_1/new/main.v:59]
INFO: [Synth 8-6157] synthesizing module 'SR_NS_C' [D:/Study/01 NJU Courses/18001300 Digital_System_Exp_1/Exp_3/Data_SR/Data_Send/Sender/Sender.srcs/sources_1/new/SR_NS_C.v:22]
	Parameter n bound to: 8 - type: integer 
INFO: [Synth 8-6155] done synthesizing module 'SR_NS_C' (9#1) [D:/Study/01 NJU Courses/18001300 Digital_System_Exp_1/Exp_3/Data_SR/Data_Send/Sender/Sender.srcs/sources_1/new/SR_NS_C.v:22]
INFO: [Synth 8-6155] done synthesizing module 'main' (10#1) [D:/Study/01 NJU Courses/18001300 Digital_System_Exp_1/Exp_3/Data_SR/Data_Send/Sender/Sender.srcs/sources_1/new/main.v:23]
---------------------------------------------------------------------------------
Finished RTL Elaboration : Time (s): cpu = 00:00:05 ; elapsed = 00:00:05 . Memory (MB): peak = 1020.984 ; gain = 306.891
---------------------------------------------------------------------------------

Report Check Netlist: 
+------+------------------+-------+---------+-------+------------------+
|      |Item              |Errors |Warnings |Status |Description       |
+------+------------------+-------+---------+-------+------------------+
|1     |multi_driven_nets |      0|        0|Passed |Multi driven nets |
+------+------------------+-------+---------+-------+------------------+
---------------------------------------------------------------------------------
Start Handling Custom Attributes
---------------------------------------------------------------------------------
---------------------------------------------------------------------------------
Finished Handling Custom Attributes : Time (s): cpu = 00:00:06 ; elapsed = 00:00:06 . Memory (MB): peak = 1020.984 ; gain = 306.891
---------------------------------------------------------------------------------
---------------------------------------------------------------------------------
Finished RTL Optimization Phase 1 : Time (s): cpu = 00:00:06 ; elapsed = 00:00:06 . Memory (MB): peak = 1020.984 ; gain = 306.891
---------------------------------------------------------------------------------
Netlist sorting complete. Time (s): cpu = 00:00:00 ; elapsed = 00:00:00.001 . Memory (MB): peak = 1020.984 ; gain = 0.000
INFO: [Project 1-570] Preparing netlist for logic optimization

Processing XDC Constraints
Initializing timing engine
Parsing XDC File [D:/Study/01 NJU Courses/18001300 Digital_System_Exp_1/DigilentBasys3.xdc]
WARNING: [Vivado 12-584] No ports matched 'LED12'. [D:/Study/01 NJU Courses/18001300 Digital_System_Exp_1/DigilentBasys3.xdc:31]
CRITICAL WARNING: [Common 17-55] 'set_property' expects at least one object. [D:/Study/01 NJU Courses/18001300 Digital_System_Exp_1/DigilentBasys3.xdc:31]
Resolution: If [get_<value>] was used to populate the object, check to make sure this command returns at least one valid object.
WARNING: [Vivado 12-584] No ports matched 'LED12'. [D:/Study/01 NJU Courses/18001300 Digital_System_Exp_1/DigilentBasys3.xdc:32]
CRITICAL WARNING: [Common 17-55] 'set_property' expects at least one object. [D:/Study/01 NJU Courses/18001300 Digital_System_Exp_1/DigilentBasys3.xdc:32]
Resolution: If [get_<value>] was used to populate the object, check to make sure this command returns at least one valid object.
WARNING: [Vivado 12-584] No ports matched 'LED13'. [D:/Study/01 NJU Courses/18001300 Digital_System_Exp_1/DigilentBasys3.xdc:33]
CRITICAL WARNING: [Common 17-55] 'set_property' expects at least one object. [D:/Study/01 NJU Courses/18001300 Digital_System_Exp_1/DigilentBasys3.xdc:33]
Resolution: If [get_<value>] was used to populate the object, check to make sure this command returns at least one valid object.
WARNING: [Vivado 12-584] No ports matched 'LED13'. [D:/Study/01 NJU Courses/18001300 Digital_System_Exp_1/DigilentBasys3.xdc:34]
CRITICAL WARNING: [Common 17-55] 'set_property' expects at least one object. [D:/Study/01 NJU Courses/18001300 Digital_System_Exp_1/DigilentBasys3.xdc:34]
Resolution: If [get_<value>] was used to populate the object, check to make sure this command returns at least one valid object.
WARNING: [Vivado 12-584] No ports matched 'BTNU'. [D:/Study/01 NJU Courses/18001300 Digital_System_Exp_1/DigilentBasys3.xdc:44]
CRITICAL WARNING: [Common 17-55] 'set_property' expects at least one object. [D:/Study/01 NJU Courses/18001300 Digital_System_Exp_1/DigilentBasys3.xdc:44]
Resolution: If [get_<value>] was used to populate the object, check to make sure this command returns at least one valid object.
WARNING: [Vivado 12-584] No ports matched 'BTNU'. [D:/Study/01 NJU Courses/18001300 Digital_System_Exp_1/DigilentBasys3.xdc:45]
CRITICAL WARNING: [Common 17-55] 'set_property' expects at least one object. [D:/Study/01 NJU Courses/18001300 Digital_System_Exp_1/DigilentBasys3.xdc:45]
Resolution: If [get_<value>] was used to populate the object, check to make sure this command returns at least one valid object.
WARNING: [Vivado 12-584] No ports matched 'BTNR'. [D:/Study/01 NJU Courses/18001300 Digital_System_Exp_1/DigilentBasys3.xdc:48]
CRITICAL WARNING: [Common 17-55] 'set_property' expects at least one object. [D:/Study/01 NJU Courses/18001300 Digital_System_Exp_1/DigilentBasys3.xdc:48]
Resolution: If [get_<value>] was used to populate the object, check to make sure this command returns at least one valid object.
WARNING: [Vivado 12-584] No ports matched 'BTNR'. [D:/Study/01 NJU Courses/18001300 Digital_System_Exp_1/DigilentBasys3.xdc:49]
CRITICAL WARNING: [Common 17-55] 'set_property' expects at least one object. [D:/Study/01 NJU Courses/18001300 Digital_System_Exp_1/DigilentBasys3.xdc:49]
Resolution: If [get_<value>] was used to populate the object, check to make sure this command returns at least one valid object.
WARNING: [Vivado 12-584] No ports matched 'SW0'. [D:/Study/01 NJU Courses/18001300 Digital_System_Exp_1/DigilentBasys3.xdc:54]
CRITICAL WARNING: [Common 17-55] 'set_property' expects at least one object. [D:/Study/01 NJU Courses/18001300 Digital_System_Exp_1/DigilentBasys3.xdc:54]
Resolution: If [get_<value>] was used to populate the object, check to make sure this command returns at least one valid object.
WARNING: [Vivado 12-584] No ports matched 'SW0'. [D:/Study/01 NJU Courses/18001300 Digital_System_Exp_1/DigilentBasys3.xdc:55]
CRITICAL WARNING: [Common 17-55] 'set_property' expects at least one object. [D:/Study/01 NJU Courses/18001300 Digital_System_Exp_1/DigilentBasys3.xdc:55]
Resolution: If [get_<value>] was used to populate the object, check to make sure this command returns at least one valid object.
WARNING: [Vivado 12-584] No ports matched 'SW1'. [D:/Study/01 NJU Courses/18001300 Digital_System_Exp_1/DigilentBasys3.xdc:56]
CRITICAL WARNING: [Common 17-55] 'set_property' expects at least one object. [D:/Study/01 NJU Courses/18001300 Digital_System_Exp_1/DigilentBasys3.xdc:56]
Resolution: If [get_<value>] was used to populate the object, check to make sure this command returns at least one valid object.
WARNING: [Vivado 12-584] No ports matched 'SW1'. [D:/Study/01 NJU Courses/18001300 Digital_System_Exp_1/DigilentBasys3.xdc:57]
CRITICAL WARNING: [Common 17-55] 'set_property' expects at least one object. [D:/Study/01 NJU Courses/18001300 Digital_System_Exp_1/DigilentBasys3.xdc:57]
Resolution: If [get_<value>] was used to populate the object, check to make sure this command returns at least one valid object.
WARNING: [Vivado 12-584] No ports matched 'SW2'. [D:/Study/01 NJU Courses/18001300 Digital_System_Exp_1/DigilentBasys3.xdc:58]
CRITICAL WARNING: [Common 17-55] 'set_property' expects at least one object. [D:/Study/01 NJU Courses/18001300 Digital_System_Exp_1/DigilentBasys3.xdc:58]
Resolution: If [get_<value>] was used to populate the object, check to make sure this command returns at least one valid object.
WARNING: [Vivado 12-584] No ports matched 'SW2'. [D:/Study/01 NJU Courses/18001300 Digital_System_Exp_1/DigilentBasys3.xdc:59]
CRITICAL WARNING: [Common 17-55] 'set_property' expects at least one object. [D:/Study/01 NJU Courses/18001300 Digital_System_Exp_1/DigilentBasys3.xdc:59]
Resolution: If [get_<value>] was used to populate the object, check to make sure this command returns at least one valid object.
WARNING: [Vivado 12-584] No ports matched 'SW3'. [D:/Study/01 NJU Courses/18001300 Digital_System_Exp_1/DigilentBasys3.xdc:60]
CRITICAL WARNING: [Common 17-55] 'set_property' expects at least one object. [D:/Study/01 NJU Courses/18001300 Digital_System_Exp_1/DigilentBasys3.xdc:60]
Resolution: If [get_<value>] was used to populate the object, check to make sure this command returns at least one valid object.
WARNING: [Vivado 12-584] No ports matched 'SW3'. [D:/Study/01 NJU Courses/18001300 Digital_System_Exp_1/DigilentBasys3.xdc:61]
CRITICAL WARNING: [Common 17-55] 'set_property' expects at least one object. [D:/Study/01 NJU Courses/18001300 Digital_System_Exp_1/DigilentBasys3.xdc:61]
Resolution: If [get_<value>] was used to populate the object, check to make sure this command returns at least one valid object.
WARNING: [Vivado 12-584] No ports matched 'SW4'. [D:/Study/01 NJU Courses/18001300 Digital_System_Exp_1/DigilentBasys3.xdc:62]
CRITICAL WARNING: [Common 17-55] 'set_property' expects at least one object. [D:/Study/01 NJU Courses/18001300 Digital_System_Exp_1/DigilentBasys3.xdc:62]
Resolution: If [get_<value>] was used to populate the object, check to make sure this command returns at least one valid object.
WARNING: [Vivado 12-584] No ports matched 'SW4'. [D:/Study/01 NJU Courses/18001300 Digital_System_Exp_1/DigilentBasys3.xdc:63]
CRITICAL WARNING: [Common 17-55] 'set_property' expects at least one object. [D:/Study/01 NJU Courses/18001300 Digital_System_Exp_1/DigilentBasys3.xdc:63]
Resolution: If [get_<value>] was used to populate the object, check to make sure this command returns at least one valid object.
WARNING: [Vivado 12-584] No ports matched 'SW5'. [D:/Study/01 NJU Courses/18001300 Digital_System_Exp_1/DigilentBasys3.xdc:64]
CRITICAL WARNING: [Common 17-55] 'set_property' expects at least one object. [D:/Study/01 NJU Courses/18001300 Digital_System_Exp_1/DigilentBasys3.xdc:64]
Resolution: If [get_<value>] was used to populate the object, check to make sure this command returns at least one valid object.
WARNING: [Vivado 12-584] No ports matched 'SW5'. [D:/Study/01 NJU Courses/18001300 Digital_System_Exp_1/DigilentBasys3.xdc:65]
CRITICAL WARNING: [Common 17-55] 'set_property' expects at least one object. [D:/Study/01 NJU Courses/18001300 Digital_System_Exp_1/DigilentBasys3.xdc:65]
Resolution: If [get_<value>] was used to populate the object, check to make sure this command returns at least one valid object.
WARNING: [Vivado 12-584] No ports matched 'SW6'. [D:/Study/01 NJU Courses/18001300 Digital_System_Exp_1/DigilentBasys3.xdc:66]
CRITICAL WARNING: [Common 17-55] 'set_property' expects at least one object. [D:/Study/01 NJU Courses/18001300 Digital_System_Exp_1/DigilentBasys3.xdc:66]
Resolution: If [get_<value>] was used to populate the object, check to make sure this command returns at least one valid object.
WARNING: [Vivado 12-584] No ports matched 'SW6'. [D:/Study/01 NJU Courses/18001300 Digital_System_Exp_1/DigilentBasys3.xdc:67]
CRITICAL WARNING: [Common 17-55] 'set_property' expects at least one object. [D:/Study/01 NJU Courses/18001300 Digital_System_Exp_1/DigilentBasys3.xdc:67]
Resolution: If [get_<value>] was used to populate the object, check to make sure this command returns at least one valid object.
WARNING: [Vivado 12-584] No ports matched 'SW7'. [D:/Study/01 NJU Courses/18001300 Digital_System_Exp_1/DigilentBasys3.xdc:68]
CRITICAL WARNING: [Common 17-55] 'set_property' expects at least one object. [D:/Study/01 NJU Courses/18001300 Digital_System_Exp_1/DigilentBasys3.xdc:68]
Resolution: If [get_<value>] was used to populate the object, check to make sure this command returns at least one valid object.
WARNING: [Vivado 12-584] No ports matched 'SW7'. [D:/Study/01 NJU Courses/18001300 Digital_System_Exp_1/DigilentBasys3.xdc:69]
CRITICAL WARNING: [Common 17-55] 'set_property' expects at least one object. [D:/Study/01 NJU Courses/18001300 Digital_System_Exp_1/DigilentBasys3.xdc:69]
Resolution: If [get_<value>] was used to populate the object, check to make sure this command returns at least one valid object.
WARNING: [Vivado 12-584] No ports matched 'SW8'. [D:/Study/01 NJU Courses/18001300 Digital_System_Exp_1/DigilentBasys3.xdc:70]
CRITICAL WARNING: [Common 17-55] 'set_property' expects at least one object. [D:/Study/01 NJU Courses/18001300 Digital_System_Exp_1/DigilentBasys3.xdc:70]
Resolution: If [get_<value>] was used to populate the object, check to make sure this command returns at least one valid object.
WARNING: [Vivado 12-584] No ports matched 'SW8'. [D:/Study/01 NJU Courses/18001300 Digital_System_Exp_1/DigilentBasys3.xdc:71]
CRITICAL WARNING: [Common 17-55] 'set_property' expects at least one object. [D:/Study/01 NJU Courses/18001300 Digital_System_Exp_1/DigilentBasys3.xdc:71]
Resolution: If [get_<value>] was used to populate the object, check to make sure this command returns at least one valid object.
WARNING: [Vivado 12-584] No ports matched 'SW9'. [D:/Study/01 NJU Courses/18001300 Digital_System_Exp_1/DigilentBasys3.xdc:72]
CRITICAL WARNING: [Common 17-55] 'set_property' expects at least one object. [D:/Study/01 NJU Courses/18001300 Digital_System_Exp_1/DigilentBasys3.xdc:72]
Resolution: If [get_<value>] was used to populate the object, check to make sure this command returns at least one valid object.
WARNING: [Vivado 12-584] No ports matched 'SW9'. [D:/Study/01 NJU Courses/18001300 Digital_System_Exp_1/DigilentBasys3.xdc:73]
CRITICAL WARNING: [Common 17-55] 'set_property' expects at least one object. [D:/Study/01 NJU Courses/18001300 Digital_System_Exp_1/DigilentBasys3.xdc:73]
Resolution: If [get_<value>] was used to populate the object, check to make sure this command returns at least one valid object.
WARNING: [Vivado 12-584] No ports matched 'SW10'. [D:/Study/01 NJU Courses/18001300 Digital_System_Exp_1/DigilentBasys3.xdc:74]
CRITICAL WARNING: [Common 17-55] 'set_property' expects at least one object. [D:/Study/01 NJU Courses/18001300 Digital_System_Exp_1/DigilentBasys3.xdc:74]
Resolution: If [get_<value>] was used to populate the object, check to make sure this command returns at least one valid object.
WARNING: [Vivado 12-584] No ports matched 'SW10'. [D:/Study/01 NJU Courses/18001300 Digital_System_Exp_1/DigilentBasys3.xdc:75]
CRITICAL WARNING: [Common 17-55] 'set_property' expects at least one object. [D:/Study/01 NJU Courses/18001300 Digital_System_Exp_1/DigilentBasys3.xdc:75]
Resolution: If [get_<value>] was used to populate the object, check to make sure this command returns at least one valid object.
WARNING: [Vivado 12-584] No ports matched 'SW11'. [D:/Study/01 NJU Courses/18001300 Digital_System_Exp_1/DigilentBasys3.xdc:76]
CRITICAL WARNING: [Common 17-55] 'set_property' expects at least one object. [D:/Study/01 NJU Courses/18001300 Digital_System_Exp_1/DigilentBasys3.xdc:76]
Resolution: If [get_<value>] was used to populate the object, check to make sure this command returns at least one valid object.
WARNING: [Vivado 12-584] No ports matched 'SW11'. [D:/Study/01 NJU Courses/18001300 Digital_System_Exp_1/DigilentBasys3.xdc:77]
CRITICAL WARNING: [Common 17-55] 'set_property' expects at least one object. [D:/Study/01 NJU Courses/18001300 Digital_System_Exp_1/DigilentBasys3.xdc:77]
Resolution: If [get_<value>] was used to populate the object, check to make sure this command returns at least one valid object.
WARNING: [Vivado 12-584] No ports matched 'SW12'. [D:/Study/01 NJU Courses/18001300 Digital_System_Exp_1/DigilentBasys3.xdc:78]
CRITICAL WARNING: [Common 17-55] 'set_property' expects at least one object. [D:/Study/01 NJU Courses/18001300 Digital_System_Exp_1/DigilentBasys3.xdc:78]
Resolution: If [get_<value>] was used to populate the object, check to make sure this command returns at least one valid object.
WARNING: [Vivado 12-584] No ports matched 'SW12'. [D:/Study/01 NJU Courses/18001300 Digital_System_Exp_1/DigilentBasys3.xdc:79]
CRITICAL WARNING: [Common 17-55] 'set_property' expects at least one object. [D:/Study/01 NJU Courses/18001300 Digital_System_Exp_1/DigilentBasys3.xdc:79]
Resolution: If [get_<value>] was used to populate the object, check to make sure this command returns at least one valid object.
WARNING: [Vivado 12-584] No ports matched 'SW13'. [D:/Study/01 NJU Courses/18001300 Digital_System_Exp_1/DigilentBasys3.xdc:80]
CRITICAL WARNING: [Common 17-55] 'set_property' expects at least one object. [D:/Study/01 NJU Courses/18001300 Digital_System_Exp_1/DigilentBasys3.xdc:80]
Resolution: If [get_<value>] was used to populate the object, check to make sure this command returns at least one valid object.
WARNING: [Vivado 12-584] No ports matched 'SW13'. [D:/Study/01 NJU Courses/18001300 Digital_System_Exp_1/DigilentBasys3.xdc:81]
CRITICAL WARNING: [Common 17-55] 'set_property' expects at least one object. [D:/Study/01 NJU Courses/18001300 Digital_System_Exp_1/DigilentBasys3.xdc:81]
Resolution: If [get_<value>] was used to populate the object, check to make sure this command returns at least one valid object.
WARNING: [Vivado 12-584] No ports matched 'SW14'. [D:/Study/01 NJU Courses/18001300 Digital_System_Exp_1/DigilentBasys3.xdc:82]
CRITICAL WARNING: [Common 17-55] 'set_property' expects at least one object. [D:/Study/01 NJU Courses/18001300 Digital_System_Exp_1/DigilentBasys3.xdc:82]
Resolution: If [get_<value>] was used to populate the object, check to make sure this command returns at least one valid object.
WARNING: [Vivado 12-584] No ports matched 'SW14'. [D:/Study/01 NJU Courses/18001300 Digital_System_Exp_1/DigilentBasys3.xdc:83]
CRITICAL WARNING: [Common 17-55] 'set_property' expects at least one object. [D:/Study/01 NJU Courses/18001300 Digital_System_Exp_1/DigilentBasys3.xdc:83]
Resolution: If [get_<value>] was used to populate the object, check to make sure this command returns at least one valid object.
WARNING: [Vivado 12-584] No ports matched 'DP'. [D:/Study/01 NJU Courses/18001300 Digital_System_Exp_1/DigilentBasys3.xdc:103]
CRITICAL WARNING: [Common 17-55] 'set_property' expects at least one object. [D:/Study/01 NJU Courses/18001300 Digital_System_Exp_1/DigilentBasys3.xdc:103]
Resolution: If [get_<value>] was used to populate the object, check to make sure this command returns at least one valid object.
WARNING: [Vivado 12-584] No ports matched 'DP'. [D:/Study/01 NJU Courses/18001300 Digital_System_Exp_1/DigilentBasys3.xdc:104]
CRITICAL WARNING: [Common 17-55] 'set_property' expects at least one object. [D:/Study/01 NJU Courses/18001300 Digital_System_Exp_1/DigilentBasys3.xdc:104]
Resolution: If [get_<value>] was used to populate the object, check to make sure this command returns at least one valid object.
WARNING: [Vivado 12-584] No ports matched 'JA0'. [D:/Study/01 NJU Courses/18001300 Digital_System_Exp_1/DigilentBasys3.xdc:117]
CRITICAL WARNING: [Common 17-55] 'set_property' expects at least one object. [D:/Study/01 NJU Courses/18001300 Digital_System_Exp_1/DigilentBasys3.xdc:117]
Resolution: If [get_<value>] was used to populate the object, check to make sure this command returns at least one valid object.
WARNING: [Vivado 12-584] No ports matched 'JA0'. [D:/Study/01 NJU Courses/18001300 Digital_System_Exp_1/DigilentBasys3.xdc:118]
CRITICAL WARNING: [Common 17-55] 'set_property' expects at least one object. [D:/Study/01 NJU Courses/18001300 Digital_System_Exp_1/DigilentBasys3.xdc:118]
Resolution: If [get_<value>] was used to populate the object, check to make sure this command returns at least one valid object.
WARNING: [Vivado 12-584] No ports matched 'JA1'. [D:/Study/01 NJU Courses/18001300 Digital_System_Exp_1/DigilentBasys3.xdc:120]
CRITICAL WARNING: [Common 17-55] 'set_property' expects at least one object. [D:/Study/01 NJU Courses/18001300 Digital_System_Exp_1/DigilentBasys3.xdc:120]
Resolution: If [get_<value>] was used to populate the object, check to make sure this command returns at least one valid object.
WARNING: [Vivado 12-584] No ports matched 'JA1'. [D:/Study/01 NJU Courses/18001300 Digital_System_Exp_1/DigilentBasys3.xdc:121]
CRITICAL WARNING: [Common 17-55] 'set_property' expects at least one object. [D:/Study/01 NJU Courses/18001300 Digital_System_Exp_1/DigilentBasys3.xdc:121]
Resolution: If [get_<value>] was used to populate the object, check to make sure this command returns at least one valid object.
WARNING: [Vivado 12-584] No ports matched 'JA2'. [D:/Study/01 NJU Courses/18001300 Digital_System_Exp_1/DigilentBasys3.xdc:123]
CRITICAL WARNING: [Common 17-55] 'set_property' expects at least one object. [D:/Study/01 NJU Courses/18001300 Digital_System_Exp_1/DigilentBasys3.xdc:123]
Resolution: If [get_<value>] was used to populate the object, check to make sure this command returns at least one valid object.
WARNING: [Vivado 12-584] No ports matched 'JA2'. [D:/Study/01 NJU Courses/18001300 Digital_System_Exp_1/DigilentBasys3.xdc:124]
CRITICAL WARNING: [Common 17-55] 'set_property' expects at least one object. [D:/Study/01 NJU Courses/18001300 Digital_System_Exp_1/DigilentBasys3.xdc:124]
Resolution: If [get_<value>] was used to populate the object, check to make sure this command returns at least one valid object.
WARNING: [Vivado 12-584] No ports matched 'JA3'. [D:/Study/01 NJU Courses/18001300 Digital_System_Exp_1/DigilentBasys3.xdc:126]
CRITICAL WARNING: [Common 17-55] 'set_property' expects at least one object. [D:/Study/01 NJU Courses/18001300 Digital_System_Exp_1/DigilentBasys3.xdc:126]
Resolution: If [get_<value>] was used to populate the object, check to make sure this command returns at least one valid object.
WARNING: [Vivado 12-584] No ports matched 'JA3'. [D:/Study/01 NJU Courses/18001300 Digital_System_Exp_1/DigilentBasys3.xdc:127]
CRITICAL WARNING: [Common 17-55] 'set_property' expects at least one object. [D:/Study/01 NJU Courses/18001300 Digital_System_Exp_1/DigilentBasys3.xdc:127]
Resolution: If [get_<value>] was used to populate the object, check to make sure this command returns at least one valid object.
WARNING: [Vivado 12-584] No ports matched 'JA4'. [D:/Study/01 NJU Courses/18001300 Digital_System_Exp_1/DigilentBasys3.xdc:129]
CRITICAL WARNING: [Common 17-55] 'set_property' expects at least one object. [D:/Study/01 NJU Courses/18001300 Digital_System_Exp_1/DigilentBasys3.xdc:129]
Resolution: If [get_<value>] was used to populate the object, check to make sure this command returns at least one valid object.
WARNING: [Vivado 12-584] No ports matched 'JA4'. [D:/Study/01 NJU Courses/18001300 Digital_System_Exp_1/DigilentBasys3.xdc:130]
CRITICAL WARNING: [Common 17-55] 'set_property' expects at least one object. [D:/Study/01 NJU Courses/18001300 Digital_System_Exp_1/DigilentBasys3.xdc:130]
Resolution: If [get_<value>] was used to populate the object, check to make sure this command returns at least one valid object.
WARNING: [Vivado 12-584] No ports matched 'JA5'. [D:/Study/01 NJU Courses/18001300 Digital_System_Exp_1/DigilentBasys3.xdc:132]
CRITICAL WARNING: [Common 17-55] 'set_property' expects at least one object. [D:/Study/01 NJU Courses/18001300 Digital_System_Exp_1/DigilentBasys3.xdc:132]
Resolution: If [get_<value>] was used to populate the object, check to make sure this command returns at least one valid object.
WARNING: [Vivado 12-584] No ports matched 'JA5'. [D:/Study/01 NJU Courses/18001300 Digital_System_Exp_1/DigilentBasys3.xdc:133]
CRITICAL WARNING: [Common 17-55] 'set_property' expects at least one object. [D:/Study/01 NJU Courses/18001300 Digital_System_Exp_1/DigilentBasys3.xdc:133]
Resolution: If [get_<value>] was used to populate the object, check to make sure this command returns at least one valid object.
WARNING: [Vivado 12-584] No ports matched 'JA6'. [D:/Study/01 NJU Courses/18001300 Digital_System_Exp_1/DigilentBasys3.xdc:135]
CRITICAL WARNING: [Common 17-55] 'set_property' expects at least one object. [D:/Study/01 NJU Courses/18001300 Digital_System_Exp_1/DigilentBasys3.xdc:135]
Resolution: If [get_<value>] was used to populate the object, check to make sure this command returns at least one valid object.
WARNING: [Vivado 12-584] No ports matched 'JA6'. [D:/Study/01 NJU Courses/18001300 Digital_System_Exp_1/DigilentBasys3.xdc:136]
CRITICAL WARNING: [Common 17-55] 'set_property' expects at least one object. [D:/Study/01 NJU Courses/18001300 Digital_System_Exp_1/DigilentBasys3.xdc:136]
Resolution: If [get_<value>] was used to populate the object, check to make sure this command returns at least one valid object.
WARNING: [Vivado 12-584] No ports matched 'JA7'. [D:/Study/01 NJU Courses/18001300 Digital_System_Exp_1/DigilentBasys3.xdc:138]
CRITICAL WARNING: [Common 17-55] 'set_property' expects at least one object. [D:/Study/01 NJU Courses/18001300 Digital_System_Exp_1/DigilentBasys3.xdc:138]
Resolution: If [get_<value>] was used to populate the object, check to make sure this command returns at least one valid object.
WARNING: [Vivado 12-584] No ports matched 'JA7'. [D:/Study/01 NJU Courses/18001300 Digital_System_Exp_1/DigilentBasys3.xdc:139]
CRITICAL WARNING: [Common 17-55] 'set_property' expects at least one object. [D:/Study/01 NJU Courses/18001300 Digital_System_Exp_1/DigilentBasys3.xdc:139]
Resolution: If [get_<value>] was used to populate the object, check to make sure this command returns at least one valid object.
WARNING: [Vivado 12-584] No ports matched 'JB2'. [D:/Study/01 NJU Courses/18001300 Digital_System_Exp_1/DigilentBasys3.xdc:150]
CRITICAL WARNING: [Common 17-55] 'set_property' expects at least one object. [D:/Study/01 NJU Courses/18001300 Digital_System_Exp_1/DigilentBasys3.xdc:150]
Resolution: If [get_<value>] was used to populate the object, check to make sure this command returns at least one valid object.
WARNING: [Vivado 12-584] No ports matched 'JB2'. [D:/Study/01 NJU Courses/18001300 Digital_System_Exp_1/DigilentBasys3.xdc:151]
CRITICAL WARNING: [Common 17-55] 'set_property' expects at least one object. [D:/Study/01 NJU Courses/18001300 Digital_System_Exp_1/DigilentBasys3.xdc:151]
Resolution: If [get_<value>] was used to populate the object, check to make sure this command returns at least one valid object.
WARNING: [Vivado 12-584] No ports matched 'JB3'. [D:/Study/01 NJU Courses/18001300 Digital_System_Exp_1/DigilentBasys3.xdc:153]
CRITICAL WARNING: [Common 17-55] 'set_property' expects at least one object. [D:/Study/01 NJU Courses/18001300 Digital_System_Exp_1/DigilentBasys3.xdc:153]
Resolution: If [get_<value>] was used to populate the object, check to make sure this command returns at least one valid object.
WARNING: [Vivado 12-584] No ports matched 'JB3'. [D:/Study/01 NJU Courses/18001300 Digital_System_Exp_1/DigilentBasys3.xdc:154]
CRITICAL WARNING: [Common 17-55] 'set_property' expects at least one object. [D:/Study/01 NJU Courses/18001300 Digital_System_Exp_1/DigilentBasys3.xdc:154]
Resolution: If [get_<value>] was used to populate the object, check to make sure this command returns at least one valid object.
WARNING: [Vivado 12-584] No ports matched 'JB4'. [D:/Study/01 NJU Courses/18001300 Digital_System_Exp_1/DigilentBasys3.xdc:156]
CRITICAL WARNING: [Common 17-55] 'set_property' expects at least one object. [D:/Study/01 NJU Courses/18001300 Digital_System_Exp_1/DigilentBasys3.xdc:156]
Resolution: If [get_<value>] was used to populate the object, check to make sure this command returns at least one valid object.
WARNING: [Vivado 12-584] No ports matched 'JB4'. [D:/Study/01 NJU Courses/18001300 Digital_System_Exp_1/DigilentBasys3.xdc:157]
CRITICAL WARNING: [Common 17-55] 'set_property' expects at least one object. [D:/Study/01 NJU Courses/18001300 Digital_System_Exp_1/DigilentBasys3.xdc:157]
Resolution: If [get_<value>] was used to populate the object, check to make sure this command returns at least one valid object.
WARNING: [Vivado 12-584] No ports matched 'JB5'. [D:/Study/01 NJU Courses/18001300 Digital_System_Exp_1/DigilentBasys3.xdc:159]
CRITICAL WARNING: [Common 17-55] 'set_property' expects at least one object. [D:/Study/01 NJU Courses/18001300 Digital_System_Exp_1/DigilentBasys3.xdc:159]
Resolution: If [get_<value>] was used to populate the object, check to make sure this command returns at least one valid object.
WARNING: [Vivado 12-584] No ports matched 'JB5'. [D:/Study/01 NJU Courses/18001300 Digital_System_Exp_1/DigilentBasys3.xdc:160]
CRITICAL WARNING: [Common 17-55] 'set_property' expects at least one object. [D:/Study/01 NJU Courses/18001300 Digital_System_Exp_1/DigilentBasys3.xdc:160]
Resolution: If [get_<value>] was used to populate the object, check to make sure this command returns at least one valid object.
WARNING: [Vivado 12-584] No ports matched 'JB6'. [D:/Study/01 NJU Courses/18001300 Digital_System_Exp_1/DigilentBasys3.xdc:162]
CRITICAL WARNING: [Common 17-55] 'set_property' expects at least one object. [D:/Study/01 NJU Courses/18001300 Digital_System_Exp_1/DigilentBasys3.xdc:162]
Resolution: If [get_<value>] was used to populate the object, check to make sure this command returns at least one valid object.
WARNING: [Vivado 12-584] No ports matched 'JB6'. [D:/Study/01 NJU Courses/18001300 Digital_System_Exp_1/DigilentBasys3.xdc:163]
CRITICAL WARNING: [Common 17-55] 'set_property' expects at least one object. [D:/Study/01 NJU Courses/18001300 Digital_System_Exp_1/DigilentBasys3.xdc:163]
Resolution: If [get_<value>] was used to populate the object, check to make sure this command returns at least one valid object.
WARNING: [Vivado 12-584] No ports matched 'JB7'. [D:/Study/01 NJU Courses/18001300 Digital_System_Exp_1/DigilentBasys3.xdc:165]
CRITICAL WARNING: [Common 17-55] 'set_property' expects at least one object. [D:/Study/01 NJU Courses/18001300 Digital_System_Exp_1/DigilentBasys3.xdc:165]
Resolution: If [get_<value>] was used to populate the object, check to make sure this command returns at least one valid object.
WARNING: [Vivado 12-584] No ports matched 'JB7'. [D:/Study/01 NJU Courses/18001300 Digital_System_Exp_1/DigilentBasys3.xdc:166]
CRITICAL WARNING: [Common 17-55] 'set_property' expects at least one object. [D:/Study/01 NJU Courses/18001300 Digital_System_Exp_1/DigilentBasys3.xdc:166]
Resolution: If [get_<value>] was used to populate the object, check to make sure this command returns at least one valid object.
WARNING: [Vivado 12-584] No ports matched 'JC0'. [D:/Study/01 NJU Courses/18001300 Digital_System_Exp_1/DigilentBasys3.xdc:171]
CRITICAL WARNING: [Common 17-55] 'set_property' expects at least one object. [D:/Study/01 NJU Courses/18001300 Digital_System_Exp_1/DigilentBasys3.xdc:171]
Resolution: If [get_<value>] was used to populate the object, check to make sure this command returns at least one valid object.
WARNING: [Vivado 12-584] No ports matched 'JC0'. [D:/Study/01 NJU Courses/18001300 Digital_System_Exp_1/DigilentBasys3.xdc:172]
CRITICAL WARNING: [Common 17-55] 'set_property' expects at least one object. [D:/Study/01 NJU Courses/18001300 Digital_System_Exp_1/DigilentBasys3.xdc:172]
Resolution: If [get_<value>] was used to populate the object, check to make sure this command returns at least one valid object.
WARNING: [Vivado 12-584] No ports matched 'JC1'. [D:/Study/01 NJU Courses/18001300 Digital_System_Exp_1/DigilentBasys3.xdc:174]
CRITICAL WARNING: [Common 17-55] 'set_property' expects at least one object. [D:/Study/01 NJU Courses/18001300 Digital_System_Exp_1/DigilentBasys3.xdc:174]
Resolution: If [get_<value>] was used to populate the object, check to make sure this command returns at least one valid object.
WARNING: [Vivado 12-584] No ports matched 'JC1'. [D:/Study/01 NJU Courses/18001300 Digital_System_Exp_1/DigilentBasys3.xdc:175]
CRITICAL WARNING: [Common 17-55] 'set_property' expects at least one object. [D:/Study/01 NJU Courses/18001300 Digital_System_Exp_1/DigilentBasys3.xdc:175]
Resolution: If [get_<value>] was used to populate the object, check to make sure this command returns at least one valid object.
WARNING: [Vivado 12-584] No ports matched 'JC2'. [D:/Study/01 NJU Courses/18001300 Digital_System_Exp_1/DigilentBasys3.xdc:177]
CRITICAL WARNING: [Common 17-55] 'set_property' expects at least one object. [D:/Study/01 NJU Courses/18001300 Digital_System_Exp_1/DigilentBasys3.xdc:177]
Resolution: If [get_<value>] was used to populate the object, check to make sure this command returns at least one valid object.
WARNING: [Vivado 12-584] No ports matched 'JC2'. [D:/Study/01 NJU Courses/18001300 Digital_System_Exp_1/DigilentBasys3.xdc:178]
CRITICAL WARNING: [Common 17-55] 'set_property' expects at least one object. [D:/Study/01 NJU Courses/18001300 Digital_System_Exp_1/DigilentBasys3.xdc:178]
Resolution: If [get_<value>] was used to populate the object, check to make sure this command returns at least one valid object.
WARNING: [Vivado 12-584] No ports matched 'JC3'. [D:/Study/01 NJU Courses/18001300 Digital_System_Exp_1/DigilentBasys3.xdc:180]
CRITICAL WARNING: [Common 17-55] 'set_property' expects at least one object. [D:/Study/01 NJU Courses/18001300 Digital_System_Exp_1/DigilentBasys3.xdc:180]
Resolution: If [get_<value>] was used to populate the object, check to make sure this command returns at least one valid object.
WARNING: [Vivado 12-584] No ports matched 'JC3'. [D:/Study/01 NJU Courses/18001300 Digital_System_Exp_1/DigilentBasys3.xdc:181]
CRITICAL WARNING: [Common 17-55] 'set_property' expects at least one object. [D:/Study/01 NJU Courses/18001300 Digital_System_Exp_1/DigilentBasys3.xdc:181]
Resolution: If [get_<value>] was used to populate the object, check to make sure this command returns at least one valid object.
WARNING: [Vivado 12-584] No ports matched 'JC4'. [D:/Study/01 NJU Courses/18001300 Digital_System_Exp_1/DigilentBasys3.xdc:183]
CRITICAL WARNING: [Common 17-55] 'set_property' expects at least one object. [D:/Study/01 NJU Courses/18001300 Digital_System_Exp_1/DigilentBasys3.xdc:183]
Resolution: If [get_<value>] was used to populate the object, check to make sure this command returns at least one valid object.
WARNING: [Vivado 12-584] No ports matched 'JC4'. [D:/Study/01 NJU Courses/18001300 Digital_System_Exp_1/DigilentBasys3.xdc:184]
CRITICAL WARNING: [Common 17-55] 'set_property' expects at least one object. [D:/Study/01 NJU Courses/18001300 Digital_System_Exp_1/DigilentBasys3.xdc:184]
Resolution: If [get_<value>] was used to populate the object, check to make sure this command returns at least one valid object.
WARNING: [Vivado 12-584] No ports matched 'JC5'. [D:/Study/01 NJU Courses/18001300 Digital_System_Exp_1/DigilentBasys3.xdc:186]
CRITICAL WARNING: [Common 17-55] 'set_property' expects at least one object. [D:/Study/01 NJU Courses/18001300 Digital_System_Exp_1/DigilentBasys3.xdc:186]
Resolution: If [get_<value>] was used to populate the object, check to make sure this command returns at least one valid object.
WARNING: [Vivado 12-584] No ports matched 'JC5'. [D:/Study/01 NJU Courses/18001300 Digital_System_Exp_1/DigilentBasys3.xdc:187]
CRITICAL WARNING: [Common 17-55] 'set_property' expects at least one object. [D:/Study/01 NJU Courses/18001300 Digital_System_Exp_1/DigilentBasys3.xdc:187]
Resolution: If [get_<value>] was used to populate the object, check to make sure this command returns at least one valid object.
WARNING: [Vivado 12-584] No ports matched 'JC6'. [D:/Study/01 NJU Courses/18001300 Digital_System_Exp_1/DigilentBasys3.xdc:189]
CRITICAL WARNING: [Common 17-55] 'set_property' expects at least one object. [D:/Study/01 NJU Courses/18001300 Digital_System_Exp_1/DigilentBasys3.xdc:189]
Resolution: If [get_<value>] was used to populate the object, check to make sure this command returns at least one valid object.
WARNING: [Vivado 12-584] No ports matched 'JC6'. [D:/Study/01 NJU Courses/18001300 Digital_System_Exp_1/DigilentBasys3.xdc:190]
CRITICAL WARNING: [Common 17-55] 'set_property' expects at least one object. [D:/Study/01 NJU Courses/18001300 Digital_System_Exp_1/DigilentBasys3.xdc:190]
Resolution: If [get_<value>] was used to populate the object, check to make sure this command returns at least one valid object.
WARNING: [Vivado 12-584] No ports matched 'JC7'. [D:/Study/01 NJU Courses/18001300 Digital_System_Exp_1/DigilentBasys3.xdc:192]
CRITICAL WARNING: [Common 17-55] 'set_property' expects at least one object. [D:/Study/01 NJU Courses/18001300 Digital_System_Exp_1/DigilentBasys3.xdc:192]
Resolution: If [get_<value>] was used to populate the object, check to make sure this command returns at least one valid object.
WARNING: [Vivado 12-584] No ports matched 'JC7'. [D:/Study/01 NJU Courses/18001300 Digital_System_Exp_1/DigilentBasys3.xdc:193]
CRITICAL WARNING: [Common 17-55] 'set_property' expects at least one object. [D:/Study/01 NJU Courses/18001300 Digital_System_Exp_1/DigilentBasys3.xdc:193]
Resolution: If [get_<value>] was used to populate the object, check to make sure this command returns at least one valid object.
WARNING: [Vivado 12-584] No ports matched 'JXA0'. [D:/Study/01 NJU Courses/18001300 Digital_System_Exp_1/DigilentBasys3.xdc:198]
CRITICAL WARNING: [Common 17-55] 'set_property' expects at least one object. [D:/Study/01 NJU Courses/18001300 Digital_System_Exp_1/DigilentBasys3.xdc:198]
Resolution: If [get_<value>] was used to populate the object, check to make sure this command returns at least one valid object.
WARNING: [Vivado 12-584] No ports matched 'JXA0'. [D:/Study/01 NJU Courses/18001300 Digital_System_Exp_1/DigilentBasys3.xdc:199]
CRITICAL WARNING: [Common 17-55] 'set_property' expects at least one object. [D:/Study/01 NJU Courses/18001300 Digital_System_Exp_1/DigilentBasys3.xdc:199]
Resolution: If [get_<value>] was used to populate the object, check to make sure this command returns at least one valid object.
WARNING: [Vivado 12-584] No ports matched 'JXA1'. [D:/Study/01 NJU Courses/18001300 Digital_System_Exp_1/DigilentBasys3.xdc:201]
CRITICAL WARNING: [Common 17-55] 'set_property' expects at least one object. [D:/Study/01 NJU Courses/18001300 Digital_System_Exp_1/DigilentBasys3.xdc:201]
Resolution: If [get_<value>] was used to populate the object, check to make sure this command returns at least one valid object.
WARNING: [Vivado 12-584] No ports matched 'JXA1'. [D:/Study/01 NJU Courses/18001300 Digital_System_Exp_1/DigilentBasys3.xdc:202]
CRITICAL WARNING: [Common 17-55] 'set_property' expects at least one object. [D:/Study/01 NJU Courses/18001300 Digital_System_Exp_1/DigilentBasys3.xdc:202]
Resolution: If [get_<value>] was used to populate the object, check to make sure this command returns at least one valid object.
WARNING: [Vivado 12-584] No ports matched 'JXA2'. [D:/Study/01 NJU Courses/18001300 Digital_System_Exp_1/DigilentBasys3.xdc:204]
CRITICAL WARNING: [Common 17-55] 'set_property' expects at least one object. [D:/Study/01 NJU Courses/18001300 Digital_System_Exp_1/DigilentBasys3.xdc:204]
Resolution: If [get_<value>] was used to populate the object, check to make sure this command returns at least one valid object.
WARNING: [Vivado 12-584] No ports matched 'JXA2'. [D:/Study/01 NJU Courses/18001300 Digital_System_Exp_1/DigilentBasys3.xdc:205]
CRITICAL WARNING: [Common 17-55] 'set_property' expects at least one object. [D:/Study/01 NJU Courses/18001300 Digital_System_Exp_1/DigilentBasys3.xdc:205]
Resolution: If [get_<value>] was used to populate the object, check to make sure this command returns at least one valid object.
WARNING: [Vivado 12-584] No ports matched 'JXA3'. [D:/Study/01 NJU Courses/18001300 Digital_System_Exp_1/DigilentBasys3.xdc:207]
CRITICAL WARNING: [Common 17-55] 'set_property' expects at least one object. [D:/Study/01 NJU Courses/18001300 Digital_System_Exp_1/DigilentBasys3.xdc:207]
Resolution: If [get_<value>] was used to populate the object, check to make sure this command returns at least one valid object.
WARNING: [Vivado 12-584] No ports matched 'JXA3'. [D:/Study/01 NJU Courses/18001300 Digital_System_Exp_1/DigilentBasys3.xdc:208]
CRITICAL WARNING: [Common 17-55] 'set_property' expects at least one object. [D:/Study/01 NJU Courses/18001300 Digital_System_Exp_1/DigilentBasys3.xdc:208]
Resolution: If [get_<value>] was used to populate the object, check to make sure this command returns at least one valid object.
WARNING: [Vivado 12-584] No ports matched 'JXA4'. [D:/Study/01 NJU Courses/18001300 Digital_System_Exp_1/DigilentBasys3.xdc:210]
CRITICAL WARNING: [Common 17-55] 'set_property' expects at least one object. [D:/Study/01 NJU Courses/18001300 Digital_System_Exp_1/DigilentBasys3.xdc:210]
Resolution: If [get_<value>] was used to populate the object, check to make sure this command returns at least one valid object.
WARNING: [Vivado 12-584] No ports matched 'JXA4'. [D:/Study/01 NJU Courses/18001300 Digital_System_Exp_1/DigilentBasys3.xdc:211]
CRITICAL WARNING: [Common 17-55] 'set_property' expects at least one object. [D:/Study/01 NJU Courses/18001300 Digital_System_Exp_1/DigilentBasys3.xdc:211]
Resolution: If [get_<value>] was used to populate the object, check to make sure this command returns at least one valid object.
WARNING: [Vivado 12-584] No ports matched 'JXA5'. [D:/Study/01 NJU Courses/18001300 Digital_System_Exp_1/DigilentBasys3.xdc:213]
CRITICAL WARNING: [Common 17-55] 'set_property' expects at least one object. [D:/Study/01 NJU Courses/18001300 Digital_System_Exp_1/DigilentBasys3.xdc:213]
Resolution: If [get_<value>] was used to populate the object, check to make sure this command returns at least one valid object.
WARNING: [Vivado 12-584] No ports matched 'JXA5'. [D:/Study/01 NJU Courses/18001300 Digital_System_Exp_1/DigilentBasys3.xdc:214]
CRITICAL WARNING: [Common 17-55] 'set_property' expects at least one object. [D:/Study/01 NJU Courses/18001300 Digital_System_Exp_1/DigilentBasys3.xdc:214]
Resolution: If [get_<value>] was used to populate the object, check to make sure this command returns at least one valid object.
WARNING: [Vivado 12-584] No ports matched 'JXA6'. [D:/Study/01 NJU Courses/18001300 Digital_System_Exp_1/DigilentBasys3.xdc:216]
CRITICAL WARNING: [Common 17-55] 'set_property' expects at least one object. [D:/Study/01 NJU Courses/18001300 Digital_System_Exp_1/DigilentBasys3.xdc:216]
Resolution: If [get_<value>] was used to populate the object, check to make sure this command returns at least one valid object.
WARNING: [Vivado 12-584] No ports matched 'JXA6'. [D:/Study/01 NJU Courses/18001300 Digital_System_Exp_1/DigilentBasys3.xdc:217]
CRITICAL WARNING: [Common 17-55] 'set_property' expects at least one object. [D:/Study/01 NJU Courses/18001300 Digital_System_Exp_1/DigilentBasys3.xdc:217]
Resolution: If [get_<value>] was used to populate the object, check to make sure this command returns at least one valid object.
WARNING: [Vivado 12-584] No ports matched 'JXA7'. [D:/Study/01 NJU Courses/18001300 Digital_System_Exp_1/DigilentBasys3.xdc:219]
CRITICAL WARNING: [Common 17-55] 'set_property' expects at least one object. [D:/Study/01 NJU Courses/18001300 Digital_System_Exp_1/DigilentBasys3.xdc:219]
Resolution: If [get_<value>] was used to populate the object, check to make sure this command returns at least one valid object.
WARNING: [Vivado 12-584] No ports matched 'JXA7'. [D:/Study/01 NJU Courses/18001300 Digital_System_Exp_1/DigilentBasys3.xdc:220]
INFO: [Common 17-14] Message 'Vivado 12-584' appears 100 times and further instances of the messages will be disabled. Use the Tcl command set_msg_config to change the current settings. [D:/Study/01 NJU Courses/18001300 Digital_System_Exp_1/DigilentBasys3.xdc:220]
CRITICAL WARNING: [Common 17-55] 'set_property' expects at least one object. [D:/Study/01 NJU Courses/18001300 Digital_System_Exp_1/DigilentBasys3.xdc:220]
Resolution: If [get_<value>] was used to populate the object, check to make sure this command returns at least one valid object.
Finished Parsing XDC File [D:/Study/01 NJU Courses/18001300 Digital_System_Exp_1/DigilentBasys3.xdc]
INFO: [Project 1-236] Implementation specific constraints were found while reading constraint file [D:/Study/01 NJU Courses/18001300 Digital_System_Exp_1/DigilentBasys3.xdc]. These constraints will be ignored for synthesis but will be used in implementation. Impacted constraints are listed in the file [.Xil/main_propImpl.xdc].
Resolution: To avoid this warning, move constraints listed in [.Xil/main_propImpl.xdc] to another XDC file and exclude this new file from synthesis with the used_in_synthesis property (File Properties dialog in GUI) and re-run elaboration/synthesis.
Completed Processing XDC Constraints

Netlist sorting complete. Time (s): cpu = 00:00:00 ; elapsed = 00:00:00 . Memory (MB): peak = 1110.910 ; gain = 0.000
INFO: [Project 1-111] Unisim Transformation Summary:
No Unisim elements were transformed.

Constraint Validation Runtime : Time (s): cpu = 00:00:00 ; elapsed = 00:00:00.006 . Memory (MB): peak = 1110.910 ; gain = 0.000
---------------------------------------------------------------------------------
Finished Constraint Validation : Time (s): cpu = 00:00:11 ; elapsed = 00:00:12 . Memory (MB): peak = 1110.910 ; gain = 396.816
---------------------------------------------------------------------------------
---------------------------------------------------------------------------------
Start Loading Part and Timing Information
---------------------------------------------------------------------------------
Loading part: xc7a35tcpg236-1
---------------------------------------------------------------------------------
Finished Loading Part and Timing Information : Time (s): cpu = 00:00:11 ; elapsed = 00:00:12 . Memory (MB): peak = 1110.910 ; gain = 396.816
---------------------------------------------------------------------------------
---------------------------------------------------------------------------------
Start Applying 'set_property' XDC Constraints
---------------------------------------------------------------------------------
---------------------------------------------------------------------------------
Finished applying 'set_property' XDC Constraints : Time (s): cpu = 00:00:11 ; elapsed = 00:00:12 . Memory (MB): peak = 1110.910 ; gain = 396.816
---------------------------------------------------------------------------------
---------------------------------------------------------------------------------
Finished RTL Optimization Phase 2 : Time (s): cpu = 00:00:11 ; elapsed = 00:00:12 . Memory (MB): peak = 1110.910 ; gain = 396.816
---------------------------------------------------------------------------------

Report RTL Partitions: 
+-+--------------+------------+----------+
| |RTL Partition |Replication |Instances |
+-+--------------+------------+----------+
+-+--------------+------------+----------+
---------------------------------------------------------------------------------
Start RTL Component Statistics 
---------------------------------------------------------------------------------
Detailed RTL Component Info : 
+---Adders : 
	   2 Input      4 Bit       Adders := 11    
+---Registers : 
	                8 Bit    Registers := 2     
	                4 Bit    Registers := 12    
	                1 Bit    Registers := 1     
+---Muxes : 
	   2 Input      8 Bit        Muxes := 1     
	   2 Input      4 Bit        Muxes := 1     
	   2 Input      1 Bit        Muxes := 1     
---------------------------------------------------------------------------------
Finished RTL Component Statistics 
---------------------------------------------------------------------------------
---------------------------------------------------------------------------------
Start RTL Hierarchical Component Statistics 
---------------------------------------------------------------------------------
Hierarchical RTL Component report 
Module counter10 
Detailed RTL Component Info : 
+---Adders : 
	   2 Input      4 Bit       Adders := 1     
+---Registers : 
	                4 Bit    Registers := 1     
+---Muxes : 
	   2 Input      4 Bit        Muxes := 1     
Module FF_D4 
Detailed RTL Component Info : 
+---Registers : 
	                4 Bit    Registers := 1     
Module ten 
Detailed RTL Component Info : 
+---Adders : 
	   2 Input      4 Bit       Adders := 1     
+---Registers : 
	                4 Bit    Registers := 1     
Module mux2to1 
Detailed RTL Component Info : 
+---Muxes : 
	   2 Input      1 Bit        Muxes := 1     
Module SR_8P 
Detailed RTL Component Info : 
+---Registers : 
	                8 Bit    Registers := 1     
	                1 Bit    Registers := 1     
+---Muxes : 
	   2 Input      8 Bit        Muxes := 1     
Module SR_NS_C 
Detailed RTL Component Info : 
+---Registers : 
	                8 Bit    Registers := 1     
---------------------------------------------------------------------------------
Finished RTL Hierarchical Component Statistics
---------------------------------------------------------------------------------
---------------------------------------------------------------------------------
Start Part Resource Summary
---------------------------------------------------------------------------------
Part Resources:
DSPs: 90 (col length:60)
BRAMs: 100 (col length: RAMB18 60 RAMB36 30)
---------------------------------------------------------------------------------
Finished Part Resource Summary
---------------------------------------------------------------------------------
---------------------------------------------------------------------------------
Start Cross Boundary and Area Optimization
---------------------------------------------------------------------------------
Warning: Parallel synthesis criteria is not met 
WARNING: [Synth 8-3917] design main has port AN3 driven by constant 0
WARNING: [Synth 8-3917] design main has port AN2 driven by constant 0
WARNING: [Synth 8-3917] design main has port AN1 driven by constant 0
WARNING: [Synth 8-3917] design main has port AN0 driven by constant 0
INFO: [Synth 8-3333] propagating constant 0 across sequential element (\SR1/ShiftData_reg[0] )
INFO: [Synth 8-3886] merging instance 'SR1/ShiftData_reg[0]' (FD) to 'SR1/ShiftData_reg[1]'
INFO: [Synth 8-3333] propagating constant 0 across sequential element (\SR1/ShiftData_reg[1] )
---------------------------------------------------------------------------------
Finished Cross Boundary and Area Optimization : Time (s): cpu = 00:00:12 ; elapsed = 00:00:13 . Memory (MB): peak = 1110.910 ; gain = 396.816
---------------------------------------------------------------------------------

Report RTL Partitions: 
+-+--------------+------------+----------+
| |RTL Partition |Replication |Instances |
+-+--------------+------------+----------+
+-+--------------+------------+----------+
---------------------------------------------------------------------------------
Start Applying XDC Timing Constraints
---------------------------------------------------------------------------------
---------------------------------------------------------------------------------
Finished Applying XDC Timing Constraints : Time (s): cpu = 00:00:19 ; elapsed = 00:00:20 . Memory (MB): peak = 1110.910 ; gain = 396.816
---------------------------------------------------------------------------------
---------------------------------------------------------------------------------
Start Timing Optimization
---------------------------------------------------------------------------------
---------------------------------------------------------------------------------
Finished Timing Optimization : Time (s): cpu = 00:00:19 ; elapsed = 00:00:20 . Memory (MB): peak = 1110.910 ; gain = 396.816
---------------------------------------------------------------------------------

Report RTL Partitions: 
+-+--------------+------------+----------+
| |RTL Partition |Replication |Instances |
+-+--------------+------------+----------+
+-+--------------+------------+----------+
---------------------------------------------------------------------------------
Start Technology Mapping
---------------------------------------------------------------------------------
---------------------------------------------------------------------------------
Finished Technology Mapping : Time (s): cpu = 00:00:19 ; elapsed = 00:00:20 . Memory (MB): peak = 1118.066 ; gain = 403.973
---------------------------------------------------------------------------------

Report RTL Partitions: 
+-+--------------+------------+----------+
| |RTL Partition |Replication |Instances |
+-+--------------+------------+----------+
+-+--------------+------------+----------+
---------------------------------------------------------------------------------
Start IO Insertion
---------------------------------------------------------------------------------
---------------------------------------------------------------------------------
Start Flattening Before IO Insertion
---------------------------------------------------------------------------------
---------------------------------------------------------------------------------
Finished Flattening Before IO Insertion
---------------------------------------------------------------------------------
---------------------------------------------------------------------------------
Start Final Netlist Cleanup
---------------------------------------------------------------------------------
---------------------------------------------------------------------------------
Finished Final Netlist Cleanup
---------------------------------------------------------------------------------
---------------------------------------------------------------------------------
Finished IO Insertion : Time (s): cpu = 00:00:22 ; elapsed = 00:00:23 . Memory (MB): peak = 1123.867 ; gain = 409.773
---------------------------------------------------------------------------------
---------------------------------------------------------------------------------
Start Renaming Generated Instances
---------------------------------------------------------------------------------
---------------------------------------------------------------------------------
Finished Renaming Generated Instances : Time (s): cpu = 00:00:22 ; elapsed = 00:00:23 . Memory (MB): peak = 1123.867 ; gain = 409.773
---------------------------------------------------------------------------------

Report RTL Partitions: 
+-+--------------+------------+----------+
| |RTL Partition |Replication |Instances |
+-+--------------+------------+----------+
+-+--------------+------------+----------+

Report Check Netlist: 
+------+------------------+-------+---------+-------+------------------+
|      |Item              |Errors |Warnings |Status |Description       |
+------+------------------+-------+---------+-------+------------------+
|1     |multi_driven_nets |      0|        0|Passed |Multi driven nets |
+------+------------------+-------+---------+-------+------------------+
---------------------------------------------------------------------------------
Start Rebuilding User Hierarchy
---------------------------------------------------------------------------------
---------------------------------------------------------------------------------
Finished Rebuilding User Hierarchy : Time (s): cpu = 00:00:22 ; elapsed = 00:00:23 . Memory (MB): peak = 1123.867 ; gain = 409.773
---------------------------------------------------------------------------------
---------------------------------------------------------------------------------
Start Renaming Generated Ports
---------------------------------------------------------------------------------
---------------------------------------------------------------------------------
Finished Renaming Generated Ports : Time (s): cpu = 00:00:22 ; elapsed = 00:00:23 . Memory (MB): peak = 1123.867 ; gain = 409.773
---------------------------------------------------------------------------------
---------------------------------------------------------------------------------
Start Handling Custom Attributes
---------------------------------------------------------------------------------
---------------------------------------------------------------------------------
Finished Handling Custom Attributes : Time (s): cpu = 00:00:22 ; elapsed = 00:00:23 . Memory (MB): peak = 1123.867 ; gain = 409.773
---------------------------------------------------------------------------------
---------------------------------------------------------------------------------
Start Renaming Generated Nets
---------------------------------------------------------------------------------
---------------------------------------------------------------------------------
Finished Renaming Generated Nets : Time (s): cpu = 00:00:22 ; elapsed = 00:00:23 . Memory (MB): peak = 1123.867 ; gain = 409.773
---------------------------------------------------------------------------------
---------------------------------------------------------------------------------
Start Writing Synthesis Report
---------------------------------------------------------------------------------

Report BlackBoxes: 
+-+--------------+----------+
| |BlackBox name |Instances |
+-+--------------+----------+
+-+--------------+----------+

Report Cell Usage: 
+------+-----+------+
|      |Cell |Count |
+------+-----+------+
|1     |BUFG |     1|
|2     |LUT1 |     9|
|3     |LUT2 |    13|
|4     |LUT3 |    14|
|5     |LUT4 |    25|
|6     |FDRE |    55|
|7     |IBUF |     5|
|8     |OBUF |    27|
+------+-----+------+

Report Instance Areas: 
+------+------------+------------+------+
|      |Instance    |Module      |Cells |
+------+------------+------------+------+
|1     |top         |            |   149|
|2     |  CTN10     |counter10   |     9|
|3     |  D4_1      |FF_D4       |     5|
|4     |  SR1       |SR_8P       |    14|
|5     |  SR2       |SR_NS_C     |     8|
|6     |  f1        |freq_div    |    73|
|7     |    div1    |ten         |     8|
|8     |    div2    |ten_0       |     8|
|9     |    div3    |ten_1       |     8|
|10    |    div4    |ten_2       |     8|
|11    |    div5    |ten_3       |     9|
|12    |    div6    |ten_4       |     8|
|13    |    div7    |ten_5       |     8|
|14    |    div8    |ten_6       |     8|
|15    |  sta_show1 |STATIC_SHOW |     7|
+------+------------+------------+------+
---------------------------------------------------------------------------------
Finished Writing Synthesis Report : Time (s): cpu = 00:00:22 ; elapsed = 00:00:23 . Memory (MB): peak = 1123.867 ; gain = 409.773
---------------------------------------------------------------------------------
Synthesis finished with 0 errors, 0 critical warnings and 4 warnings.
Synthesis Optimization Runtime : Time (s): cpu = 00:00:16 ; elapsed = 00:00:22 . Memory (MB): peak = 1123.867 ; gain = 319.848
Synthesis Optimization Complete : Time (s): cpu = 00:00:23 ; elapsed = 00:00:24 . Memory (MB): peak = 1123.867 ; gain = 409.773
INFO: [Project 1-571] Translating synthesized netlist
Netlist sorting complete. Time (s): cpu = 00:00:00 ; elapsed = 00:00:00 . Memory (MB): peak = 1134.051 ; gain = 0.000
INFO: [Project 1-570] Preparing netlist for logic optimization
INFO: [Opt 31-138] Pushed 0 inverter(s) to 0 load pin(s).
Netlist sorting complete. Time (s): cpu = 00:00:00 ; elapsed = 00:00:00 . Memory (MB): peak = 1140.855 ; gain = 0.000
INFO: [Project 1-111] Unisim Transformation Summary:
No Unisim elements were transformed.

INFO: [Common 17-83] Releasing license: Synthesis
34 Infos, 105 Warnings, 100 Critical Warnings and 0 Errors encountered.
synth_design completed successfully
synth_design: Time (s): cpu = 00:00:26 ; elapsed = 00:00:29 . Memory (MB): peak = 1140.855 ; gain = 716.000
Netlist sorting complete. Time (s): cpu = 00:00:00 ; elapsed = 00:00:00 . Memory (MB): peak = 1140.855 ; gain = 0.000
WARNING: [Constraints 18-5210] No constraints selected for write.
Resolution: This message can indicate that there are no constraints for the design, or it can indicate that the used_in flags are set such that the constraints are ignored. This later case is used when running synth_design to not write synthesis constraints to the resulting checkpoint. Instead, project constraints are read when the synthesized design is opened.
INFO: [Common 17-1381] The checkpoint 'D:/Study/01 NJU Courses/18001300 Digital_System_Exp_1/Exp_3/Data_SR/Data_Send/Sender/Sender.runs/synth_1/main.dcp' has been generated.
INFO: [runtcl-4] Executing : report_utilization -file main_utilization_synth.rpt -pb main_utilization_synth.pb
INFO: [Common 17-206] Exiting Vivado at Fri Nov 26 08:16:40 2021...
