\BOOKMARK [1][-]{section.1}{\376\377\133\236\232\214\166\356\166\204}{}% 1
\BOOKMARK [1][-]{section.2}{\376\377\133\236\232\214\116\352\126\150\116\016\116\073\211\201\126\150\147\120}{}% 2
\BOOKMARK [1][-]{section.3}{\376\377\133\236\232\214\123\237\164\006}{}% 3
\BOOKMARK [1][-]{section.4}{\376\377\133\236\232\214\217\307\172\013}{}% 4
\BOOKMARK [2][-]{subsection.4.1}{\376\377\171\373\117\115\133\304\133\130\126\150\123\125\156\220\124\150\147\037\211\346\123\321\155\113\213\325}{section.4}% 5
\BOOKMARK [3][-]{subsubsection.4.1.1}{\376\377\133\236\232\214\176\323\147\234}{subsection.4.1}% 6
\BOOKMARK [2][-]{subsection.4.2}{\376\377\171\373\117\115\133\304\133\130\126\150\123\125\153\041\211\346\123\321\155\113\213\325\165\065\215\357}{section.4}% 7
\BOOKMARK [2][-]{subsection.4.3}{\376\377\145\160\143\156\145\066\123\321\126\150}{section.4}% 8
\BOOKMARK [3][-]{subsubsection.4.3.1}{\376\377\145\160\143\156\123\321\220\001\172\357\165\065\215\357\144\055\136\372}{subsection.4.3}% 9
\BOOKMARK [4][-]{lstlisting.-1}{\376\377\123\101\122\006\230\221\152\041\127\127}{subsubsection.4.3.1}% 10
\BOOKMARK [4][-]{paragraph.4.3.1.2}{\376\377\122\006\230\221\165\065\215\357\152\041\127\127}{subsubsection.4.3.1}% 11
\BOOKMARK [4][-]{paragraph.4.3.1.3}{\376\377\145\160\143\156\220\011\142\351\126\150}{subsubsection.4.3.1}% 12
\BOOKMARK [4][-]{paragraph.4.3.1.4}{\376\377\123\101\217\333\122\066\213\241\145\160\126\150}{subsubsection.4.3.1}% 13
\BOOKMARK [4][-]{paragraph.4.3.1.5}{\376\377\0004\117\115\000D\211\346\123\321\126\150}{subsubsection.4.3.1}% 14
\BOOKMARK [4][-]{paragraph.4.3.1.6}{\376\377\0004\117\115\000D\211\346\123\321\126\150}{subsubsection.4.3.1}% 15
\BOOKMARK [4][-]{paragraph.4.3.1.7}{\376\377\0008\117\115\136\166\121\145\116\062\121\372\171\373\117\115\133\304\133\130\126\150}{subsubsection.4.3.1}% 16
\BOOKMARK [4][-]{paragraph.4.3.1.8}{\376\377\0008\117\115\116\062\121\145\136\166\171\373\117\115\133\304\133\130\126\150}{subsubsection.4.3.1}% 17
\BOOKMARK [4][-]{paragraph.4.3.1.9}{\376\377\227\131\140\001\146\076\171\072\152\041\127\127}{subsubsection.4.3.1}% 18
\BOOKMARK [4][-]{paragraph.4.3.1.10}{\376\377\116\073\165\065\215\357\152\041\127\127}{subsubsection.4.3.1}% 19
\BOOKMARK [3][-]{subsubsection.4.3.2}{\376\377\145\160\143\156\143\245\145\066\172\357\165\065\215\357\144\055\136\372}{subsection.4.3}% 20
\BOOKMARK [4][-]{paragraph.4.3.2.1}{\376\377\122\006\230\221\165\065\215\357\152\041\127\127}{subsubsection.4.3.2}% 21
\BOOKMARK [4][-]{paragraph.4.3.2.2}{\376\377\122\006\230\221\165\065\215\357\152\041\127\127}{subsubsection.4.3.2}% 22
\BOOKMARK [4][-]{paragraph.4.3.2.3}{\376\377\0008\117\115\116\062\121\145\136\166\121\372\171\373\117\115\133\304\133\130\126\150}{subsubsection.4.3.2}% 23
\BOOKMARK [4][-]{paragraph.4.3.2.4}{\376\377\0008\117\115\116\062\121\145\136\166\121\372\171\373\117\115\133\304\133\130\126\150}{subsubsection.4.3.2}% 24
\BOOKMARK [4][-]{paragraph.4.3.2.5}{\376\377\000D\225\001\133\130\126\150}{subsubsection.4.3.2}% 25
\BOOKMARK [4][-]{paragraph.4.3.2.6}{\376\377\0001\0006\117\115\000B\000C\000D\170\001\171\373\117\115\133\304\133\130\126\150}{subsubsection.4.3.2}% 26
\BOOKMARK [4][-]{paragraph.4.3.2.7}{\376\377\122\250\140\001\146\076\171\072\152\041\127\127}{subsubsection.4.3.2}% 27
\BOOKMARK [4][-]{paragraph.4.3.2.8}{\376\377\116\073\165\065\215\357\152\041\127\127}{subsubsection.4.3.2}% 28
\BOOKMARK [3][-]{subsubsection.4.3.3}{\376\377\176\374\124\010\060\001\177\026\213\321\060\001\116\013\217\175\201\363\137\000\123\321\147\177\217\333\210\114\133\236\232\214}{subsection.4.3}% 29
\BOOKMARK [1][-]{section.5}{\376\377\133\236\232\214\140\073\176\323}{}% 30
