\BOOKMARK [1][-]{section.1}{\376\377\133\236\232\214\166\356\166\204}{}% 1
\BOOKMARK [1][-]{section.2}{\376\377\133\236\232\214\116\352\126\150\116\016\116\073\211\201\126\150\147\120}{}% 2
\BOOKMARK [1][-]{section.3}{\376\377\133\236\232\214\123\237\164\006}{}% 3
\BOOKMARK [1][-]{section.4}{\376\377\133\236\232\214\217\307\172\013}{}% 4
\BOOKMARK [2][-]{subsection.4.1}{\376\377\123\101\217\333\122\066\213\241\145\160\126\150}{section.4}% 5
\BOOKMARK [3][-]{subsubsection.4.1.1}{\376\377\123\237\164\006\165\065\215\357}{subsection.4.1}% 6
\BOOKMARK [3][-]{subsubsection.4.1.2}{\376\377\165\065\215\357\133\236\232\214}{subsection.4.1}% 7
\BOOKMARK [2][-]{subsection.4.2}{\376\377\121\155\217\333\122\066\213\241\145\160\126\150\377\032\177\156\226\366\154\325}{section.4}% 8
\BOOKMARK [3][-]{subsubsection.4.2.1}{\376\377\123\237\164\006\165\065\215\357}{subsection.4.2}% 9
\BOOKMARK [3][-]{subsubsection.4.2.2}{\376\377\165\065\215\357\133\236\232\214}{subsection.4.2}% 10
\BOOKMARK [2][-]{subsection.4.3}{\376\377\121\155\217\333\122\066\213\241\145\160\126\150\377\032\177\156\116\135\154\325}{section.4}% 11
\BOOKMARK [3][-]{subsubsection.4.3.1}{\376\377\123\237\164\006\165\065\215\357}{subsection.4.3}% 12
\BOOKMARK [3][-]{subsubsection.4.3.2}{\376\377\165\065\215\357\133\236\232\214}{subsection.4.3}% 13
\BOOKMARK [2][-]{subsection.4.4}{\376\377\0002\0004\217\333\122\066\213\241\145\160\126\150}{section.4}% 14
\BOOKMARK [3][-]{subsubsection.4.4.1}{\376\377\123\237\164\006\165\065\215\357}{subsection.4.4}% 15
\BOOKMARK [3][-]{subsubsection.4.4.2}{\376\377\165\065\215\357\133\236\232\214}{subsection.4.4}% 16
\BOOKMARK [2][-]{subsection.4.5}{\376\377\0003\0008\217\333\122\066\213\241\145\160\126\150}{section.4}% 17
\BOOKMARK [3][-]{subsubsection.4.5.1}{\376\377\123\237\164\006\165\065\215\357}{subsection.4.5}% 18
\BOOKMARK [3][-]{subsubsection.4.5.2}{\376\377\165\065\215\357\133\236\232\214}{subsection.4.5}% 19
\BOOKMARK [3][-]{subsubsection.4.5.3}{\376\377\213\250\213\272}{subsection.4.5}% 20
\BOOKMARK [4][-]{paragraph.4.5.3.1}{\376\377\116\015\200\375\117\177\165\050\177\156\116\135\154\325\133\236\163\260\116\135\217\333\122\066\213\241\145\160\126\150}{subsubsection.4.5.3}% 21
\BOOKMARK [4][-]{paragraph.4.5.3.2}{\376\377\147\204\142\020\116\044\117\115\213\241\145\160\126\150\166\204\145\366\120\031\227\000\211\201\117\177\165\050\166\370\124\014\166\204\165\065\156\220}{subsubsection.4.5.3}% 22
\BOOKMARK [1][-]{section.5}{\376\377\133\236\232\214\140\073\176\323}{}% 23
