#-----------------------------------------------------------
# Vivado v2019.2 (64-bit)
# SW Build 2708876 on Wed Nov  6 21:40:23 MST 2019
# IP Build 2700528 on Thu Nov  7 00:09:20 MST 2019
# Start of session at: Wed Nov 24 10:16:03 2021
# Process ID: 8320
# Current directory: D:/Study/01 NJU Courses/18001300 Digital_System_Exp_1/Exp_3/Data_SR/Data_Send/Sender
# Command line: vivado.exe -gui_launcher_event rodinguilauncherevent15228 D:\Study\01 NJU Courses\18001300 Digital_System_Exp_1\Exp_3\Data_SR\Data_Send\Sender\Sender.xpr
# Log file: D:/Study/01 NJU Courses/18001300 Digital_System_Exp_1/Exp_3/Data_SR/Data_Send/Sender/vivado.log
# Journal file: D:/Study/01 NJU Courses/18001300 Digital_System_Exp_1/Exp_3/Data_SR/Data_Send/Sender\vivado.jou
#-----------------------------------------------------------
start_gui
open_project {D:/Study/01 NJU Courses/18001300 Digital_System_Exp_1/Exp_3/Data_SR/Data_Send/Sender/Sender.xpr}
INFO: [ProjectBase 1-489] The host OS only allows 260 characters in a normal path. The project is stored in a path with more than 80 characters. If you experience issues with IP, Block Designs, or files not being found, please consider moving the project to a location with a shorter path. Alternately consider using the OS subst command to map part of the path to a drive letter.
Current project path is 'D:/Study/01 NJU Courses/18001300 Digital_System_Exp_1/Exp_3/Data_SR/Data_Send/Sender'
INFO: [Project 1-313] Project file moved from 'D:/Study/01 NJU Courses/18001300 Digital_System_Exp_1/Exp_3/Data_Send/Sender' since last save.
WARNING: [Project 1-312] File not found as 'D:/Study/01 NJU Courses/18001300 Digital_System_Exp_1/Exp_3/DigilentBasys3.xdc'; using path 'D:/Study/01 NJU Courses/18001300 Digital_System_Exp_1/DigilentBasys3.xdc' instead.
Scanning sources...
Finished scanning sources
WARNING: [Project 1-312] File not found as 'D:/Study/01 NJU Courses/18001300 Digital_System_Exp_1/Exp_3/DigilentBasys3.xdc'; using path 'D:/Study/01 NJU Courses/18001300 Digital_System_Exp_1/DigilentBasys3.xdc' instead.
WARNING: [Project 1-312] File not found as 'D:/Study/01 NJU Courses/18001300 Digital_System_Exp_1/Exp_3/DigilentBasys3.xdc'; using path 'D:/Study/01 NJU Courses/18001300 Digital_System_Exp_1/DigilentBasys3.xdc' instead.
INFO: [IP_Flow 19-234] Refreshing IP repositories
INFO: [IP_Flow 19-1704] No user IP repositories specified
INFO: [IP_Flow 19-2313] Loaded Vivado IP repository 'W:/Xilinx/Vivado/2019.2/data/ip'.
open_project: Time (s): cpu = 00:00:14 ; elapsed = 00:00:07 . Memory (MB): peak = 900.727 ; gain = 249.660
close [ open {D:/Study/01 NJU Courses/18001300 Digital_System_Exp_1/Exp_3/Data_SR/Data_Send/Sender/Sender.srcs/sources_1/new/counter10.v} w ]
add_files {{D:/Study/01 NJU Courses/18001300 Digital_System_Exp_1/Exp_3/Data_SR/Data_Send/Sender/Sender.srcs/sources_1/new/counter10.v}}
close [ open {D:/Study/01 NJU Courses/18001300 Digital_System_Exp_1/Exp_3/Data_SR/Data_Send/Sender/Sender.srcs/sources_1/new/flip_flops.v} w ]
add_files {{D:/Study/01 NJU Courses/18001300 Digital_System_Exp_1/Exp_3/Data_SR/Data_Send/Sender/Sender.srcs/sources_1/new/flip_flops.v}}
close [ open {D:/Study/01 NJU Courses/18001300 Digital_System_Exp_1/Exp_3/Data_SR/Data_Send/Sender/Sender.srcs/sources_1/new/Shift Registers.v} w ]
add_files {{D:/Study/01 NJU Courses/18001300 Digital_System_Exp_1/Exp_3/Data_SR/Data_Send/Sender/Sender.srcs/sources_1/new/Shift Registers.v}}
close [ open {D:/Study/01 NJU Courses/18001300 Digital_System_Exp_1/Exp_3/Data_SR/Data_Send/Sender/Sender.srcs/sources_1/new/Comb_circuit.v} w ]
add_files {{D:/Study/01 NJU Courses/18001300 Digital_System_Exp_1/Exp_3/Data_SR/Data_Send/Sender/Sender.srcs/sources_1/new/Comb_circuit.v}}
close_project
open_project {D:/Study/01 NJU Courses/18001300 Digital_System_Exp_1/Vivado_test/test/test.xpr}
Scanning sources...
Finished scanning sources
INFO: [IP_Flow 19-234] Refreshing IP repositories
INFO: [IP_Flow 19-1704] No user IP repositories specified
INFO: [IP_Flow 19-2313] Loaded Vivado IP repository 'W:/Xilinx/Vivado/2019.2/data/ip'.
update_compile_order -fileset sources_1
update_compile_order -fileset sources_1
update_compile_order -fileset sources_1
reset_run synth_1
launch_runs synth_1 -jobs 4
[Wed Nov 24 11:05:25 2021] Launched synth_1...
Run output will be captured here: D:/Study/01 NJU Courses/18001300 Digital_System_Exp_1/Vivado_test/test/test.runs/synth_1/runme.log
launch_runs impl_1 -jobs 4
[Wed Nov 24 11:06:14 2021] Launched impl_1...
Run output will be captured here: D:/Study/01 NJU Courses/18001300 Digital_System_Exp_1/Vivado_test/test/test.runs/impl_1/runme.log
launch_runs impl_1 -to_step write_bitstream -jobs 4
[Wed Nov 24 11:08:35 2021] Launched impl_1...
Run output will be captured here: D:/Study/01 NJU Courses/18001300 Digital_System_Exp_1/Vivado_test/test/test.runs/impl_1/runme.log
open_hw_manager
connect_hw_server -url localhost:3121 -allow_non_jtag
INFO: [Labtools 27-2285] Connecting to hw_server url TCP:localhost:3121
INFO: [Labtools 27-2222] Launching hw_server...
INFO: [Labtools 27-2221] Launch Output:

****** Xilinx hw_server v2019.2
  **** Build date : Nov  6 2019 at 22:12:23
    ** Copyright 1986-2019 Xilinx, Inc. All Rights Reserved.


INFO: [Labtools 27-3415] Connecting to cs_server url TCP:localhost:3042
INFO: [Labtools 27-3417] Launching cs_server...
INFO: [Labtools 27-2221] Launch Output:


****** Xilinx cs_server v2019.2.0
  **** Build date : Nov 07 2019-13:28:22
    ** Copyright 2017-2019 Xilinx, Inc. All Rights Reserved.



connect_hw_server: Time (s): cpu = 00:00:01 ; elapsed = 00:00:07 . Memory (MB): peak = 1022.898 ; gain = 10.980
current_hw_target [get_hw_targets */xilinx_tcf/Digilent/210183AB3DE0A]
set_property PARAM.FREQUENCY 15000000 [get_hw_targets */xilinx_tcf/Digilent/210183AB3DE0A]
open_hw_target
INFO: [Labtoolstcl 44-466] Opening hw_target localhost:3121/xilinx_tcf/Digilent/210183AB3DE0A
set_property PROGRAM.FILE {D:/Study/01 NJU Courses/18001300 Digital_System_Exp_1/Vivado_test/test/test.runs/impl_1/test.bit} [get_hw_devices xc7a35t_0]
current_hw_device [get_hw_devices xc7a35t_0]
refresh_hw_device -update_hw_probes false [lindex [get_hw_devices xc7a35t_0] 0]
INFO: [Labtools 27-1434] Device xc7a35t (JTAG device index = 0) is programmed with a design that has no supported debug core(s) in it.
set_property PROBES.FILE {} [get_hw_devices xc7a35t_0]
set_property FULL_PROBES.FILE {} [get_hw_devices xc7a35t_0]
set_property PROGRAM.FILE {D:/Study/01 NJU Courses/18001300 Digital_System_Exp_1/Vivado_test/test/test.runs/impl_1/test.bit} [get_hw_devices xc7a35t_0]
program_hw_devices [get_hw_devices xc7a35t_0]
INFO: [Labtools 27-3164] End of startup status: HIGH
refresh_hw_device [lindex [get_hw_devices xc7a35t_0] 0]
INFO: [Labtools 27-1434] Device xc7a35t (JTAG device index = 0) is programmed with a design that has no supported debug core(s) in it.
close_hw_manager
close_project
open_project {D:/Study/01 NJU Courses/18001300 Digital_System_Exp_1/Exp_3/Data_SR/Data_Send/Sender/Sender.xpr}
INFO: [ProjectBase 1-489] The host OS only allows 260 characters in a normal path. The project is stored in a path with more than 80 characters. If you experience issues with IP, Block Designs, or files not being found, please consider moving the project to a location with a shorter path. Alternately consider using the OS subst command to map part of the path to a drive letter.
Current project path is 'D:/Study/01 NJU Courses/18001300 Digital_System_Exp_1/Exp_3/Data_SR/Data_Send/Sender'
Scanning sources...
Finished scanning sources
INFO: [IP_Flow 19-234] Refreshing IP repositories
INFO: [IP_Flow 19-1704] No user IP repositories specified
INFO: [IP_Flow 19-2313] Loaded Vivado IP repository 'W:/Xilinx/Vivado/2019.2/data/ip'.
close_project
open_project {D:/Study/01 NJU Courses/18001300 Digital_System_Exp_1/Vivado_test/test/test.xpr}
Scanning sources...
Finished scanning sources
INFO: [IP_Flow 19-234] Refreshing IP repositories
INFO: [IP_Flow 19-1704] No user IP repositories specified
INFO: [IP_Flow 19-2313] Loaded Vivado IP repository 'W:/Xilinx/Vivado/2019.2/data/ip'.
update_compile_order -fileset sources_1
close_project
open_project {D:/Study/01 NJU Courses/18001300 Digital_System_Exp_1/Exp_3/Data_SR/Data_Send/Sender/Sender.xpr}
INFO: [ProjectBase 1-489] The host OS only allows 260 characters in a normal path. The project is stored in a path with more than 80 characters. If you experience issues with IP, Block Designs, or files not being found, please consider moving the project to a location with a shorter path. Alternately consider using the OS subst command to map part of the path to a drive letter.
Current project path is 'D:/Study/01 NJU Courses/18001300 Digital_System_Exp_1/Exp_3/Data_SR/Data_Send/Sender'
Scanning sources...
Finished scanning sources
INFO: [IP_Flow 19-234] Refreshing IP repositories
INFO: [IP_Flow 19-1704] No user IP repositories specified
INFO: [IP_Flow 19-2313] Loaded Vivado IP repository 'W:/Xilinx/Vivado/2019.2/data/ip'.
exit
INFO: [Common 17-206] Exiting Vivado at Wed Nov 24 11:41:10 2021...
